{"/Users/emma/bootcamp/collab/skylab-bootcamp-201901/staff/emma-cowdery/fws/fws-api/src/cors/index.spec.js":{"path":"/Users/emma/bootcamp/collab/skylab-bootcamp-201901/staff/emma-cowdery/fws/fws-api/src/cors/index.spec.js","statementMap":{},"fnMap":{},"branchMap":{},"s":{},"f":{},"b":{},"_coverageSchema":"43e27e138ebf9cfc5966b082cf9a028302ed4184","hash":"1153d1de117c19daca7e3801fbd3adb4020804d5","contentHash":"c38bc3c1abb96b1b11135efd435987f183ad9dd516f4657464ccbfc0b813563e"},"/Users/emma/bootcamp/collab/skylab-bootcamp-201901/staff/emma-cowdery/fws/fws-api/src/google-maps-api/index.spec.js":{"path":"/Users/emma/bootcamp/collab/skylab-bootcamp-201901/staff/emma-cowdery/fws/fws-api/src/google-maps-api/index.spec.js","statementMap":{},"fnMap":{},"branchMap":{},"s":{},"f":{},"b":{},"_coverageSchema":"43e27e138ebf9cfc5966b082cf9a028302ed4184","hash":"eff7a81a1be3c0e27a39d811cf1e63ff49b8e44a","contentHash":"356a26d2f564357df9bf1570a7b69a417a7669fc750e0750d1f5803949d3acff"},"/Users/emma/bootcamp/collab/skylab-bootcamp-201901/staff/emma-cowdery/fws/fws-api/src/logic/index.spec.js":{"path":"/Users/emma/bootcamp/collab/skylab-bootcamp-201901/staff/emma-cowdery/fws/fws-api/src/logic/index.spec.js","statementMap":{"0":{"start":{"line":3,"column":0},"end":{"line":3,"column":27}},"1":{"start":{"line":5,"column":0},"end":{"line":5,"column":27}},"2":{"start":{"line":7,"column":55},"end":{"line":7,"column":74}},"3":{"start":{"line":8,"column":15},"end":{"line":8,"column":32}},"4":{"start":{"line":9,"column":14},"end":{"line":9,"column":26}},"5":{"start":{"line":10,"column":15},"end":{"line":10,"column":32}},"6":{"start":{"line":12,"column":34},"end":{"line":12,"column":41}},"7":{"start":{"line":14,"column":0},"end":{"line":3143,"column":2}},"8":{"start":{"line":15,"column":4},"end":{"line":15,"column":74}},"9":{"start":{"line":15,"column":17},"end":{"line":15,"column":73}},"10":{"start":{"line":17,"column":4},"end":{"line":23,"column":5}},"11":{"start":{"line":18,"column":8},"end":{"line":22,"column":10}},"12":{"start":{"line":25,"column":4},"end":{"line":531,"column":6}},"13":{"start":{"line":26,"column":21},"end":{"line":26,"column":29}},"14":{"start":{"line":27,"column":24},"end":{"line":27,"column":31}},"15":{"start":{"line":28,"column":22},"end":{"line":28,"column":61}},"16":{"start":{"line":29,"column":25},"end":{"line":29,"column":48}},"17":{"start":{"line":30,"column":25},"end":{"line":30,"column":47}},"18":{"start":{"line":31,"column":37},"end":{"line":31,"column":45}},"19":{"start":{"line":32,"column":22},"end":{"line":32,"column":26}},"20":{"start":{"line":34,"column":8},"end":{"line":50,"column":10}},"21":{"start":{"line":35,"column":23},"end":{"line":35,"column":118}},"22":{"start":{"line":37,"column":12},"end":{"line":37,"column":36}},"23":{"start":{"line":38,"column":12},"end":{"line":38,"column":44}},"24":{"start":{"line":40,"column":25},"end":{"line":40,"column":55}},"25":{"start":{"line":42,"column":12},"end":{"line":42,"column":40}},"26":{"start":{"line":43,"column":12},"end":{"line":43,"column":46}},"27":{"start":{"line":44,"column":12},"end":{"line":44,"column":42}},"28":{"start":{"line":45,"column":12},"end":{"line":45,"column":42}},"29":{"start":{"line":47,"column":26},"end":{"line":47,"column":71}},"30":{"start":{"line":49,"column":12},"end":{"line":49,"column":38}},"31":{"start":{"line":52,"column":8},"end":{"line":56,"column":10}},"32":{"start":{"line":53,"column":12},"end":{"line":55,"column":72}},"33":{"start":{"line":54,"column":16},"end":{"line":54,"column":105}},"34":{"start":{"line":58,"column":8},"end":{"line":69,"column":10}},"35":{"start":{"line":59,"column":25},"end":{"line":59,"column":34}},"36":{"start":{"line":60,"column":28},"end":{"line":60,"column":35}},"37":{"start":{"line":61,"column":26},"end":{"line":61,"column":48}},"38":{"start":{"line":62,"column":29},"end":{"line":62,"column":52}},"39":{"start":{"line":63,"column":26},"end":{"line":63,"column":30}},"40":{"start":{"line":64,"column":29},"end":{"line":64,"column":51}},"41":{"start":{"line":66,"column":12},"end":{"line":68,"column":60}},"42":{"start":{"line":67,"column":16},"end":{"line":67,"column":93}},"43":{"start":{"line":71,"column":8},"end":{"line":82,"column":10}},"44":{"start":{"line":72,"column":25},"end":{"line":72,"column":27}},"45":{"start":{"line":73,"column":28},"end":{"line":73,"column":35}},"46":{"start":{"line":74,"column":26},"end":{"line":74,"column":48}},"47":{"start":{"line":75,"column":29},"end":{"line":75,"column":52}},"48":{"start":{"line":76,"column":26},"end":{"line":76,"column":30}},"49":{"start":{"line":77,"column":29},"end":{"line":77,"column":51}},"50":{"start":{"line":79,"column":12},"end":{"line":81,"column":60}},"51":{"start":{"line":80,"column":16},"end":{"line":80,"column":93}},"52":{"start":{"line":85,"column":8},"end":{"line":96,"column":10}},"53":{"start":{"line":86,"column":25},"end":{"line":86,"column":29}},"54":{"start":{"line":87,"column":28},"end":{"line":87,"column":35}},"55":{"start":{"line":88,"column":26},"end":{"line":88,"column":48}},"56":{"start":{"line":89,"column":29},"end":{"line":89,"column":52}},"57":{"start":{"line":90,"column":26},"end":{"line":90,"column":30}},"58":{"start":{"line":91,"column":29},"end":{"line":91,"column":51}},"59":{"start":{"line":93,"column":12},"end":{"line":95,"column":60}},"60":{"start":{"line":94,"column":16},"end":{"line":94,"column":93}},"61":{"start":{"line":98,"column":8},"end":{"line":109,"column":10}},"62":{"start":{"line":99,"column":25},"end":{"line":99,"column":27}},"63":{"start":{"line":100,"column":28},"end":{"line":100,"column":35}},"64":{"start":{"line":101,"column":26},"end":{"line":101,"column":48}},"65":{"start":{"line":102,"column":29},"end":{"line":102,"column":52}},"66":{"start":{"line":103,"column":26},"end":{"line":103,"column":30}},"67":{"start":{"line":104,"column":29},"end":{"line":104,"column":51}},"68":{"start":{"line":106,"column":12},"end":{"line":108,"column":60}},"69":{"start":{"line":107,"column":16},"end":{"line":107,"column":93}},"70":{"start":{"line":111,"column":8},"end":{"line":122,"column":10}},"71":{"start":{"line":112,"column":25},"end":{"line":112,"column":27}},"72":{"start":{"line":113,"column":28},"end":{"line":113,"column":35}},"73":{"start":{"line":114,"column":26},"end":{"line":114,"column":48}},"74":{"start":{"line":115,"column":29},"end":{"line":115,"column":52}},"75":{"start":{"line":116,"column":26},"end":{"line":116,"column":30}},"76":{"start":{"line":117,"column":29},"end":{"line":117,"column":51}},"77":{"start":{"line":119,"column":12},"end":{"line":121,"column":60}},"78":{"start":{"line":120,"column":16},"end":{"line":120,"column":93}},"79":{"start":{"line":124,"column":8},"end":{"line":135,"column":10}},"80":{"start":{"line":125,"column":25},"end":{"line":125,"column":27}},"81":{"start":{"line":126,"column":28},"end":{"line":126,"column":35}},"82":{"start":{"line":127,"column":26},"end":{"line":127,"column":48}},"83":{"start":{"line":128,"column":29},"end":{"line":128,"column":52}},"84":{"start":{"line":129,"column":26},"end":{"line":129,"column":30}},"85":{"start":{"line":130,"column":29},"end":{"line":130,"column":51}},"86":{"start":{"line":132,"column":12},"end":{"line":134,"column":53}},"87":{"start":{"line":133,"column":16},"end":{"line":133,"column":93}},"88":{"start":{"line":137,"column":8},"end":{"line":148,"column":10}},"89":{"start":{"line":138,"column":25},"end":{"line":138,"column":33}},"90":{"start":{"line":139,"column":28},"end":{"line":139,"column":37}},"91":{"start":{"line":140,"column":26},"end":{"line":140,"column":48}},"92":{"start":{"line":141,"column":29},"end":{"line":141,"column":52}},"93":{"start":{"line":142,"column":26},"end":{"line":142,"column":30}},"94":{"start":{"line":143,"column":29},"end":{"line":143,"column":51}},"95":{"start":{"line":145,"column":12},"end":{"line":147,"column":63}},"96":{"start":{"line":146,"column":16},"end":{"line":146,"column":93}},"97":{"start":{"line":150,"column":8},"end":{"line":161,"column":10}},"98":{"start":{"line":151,"column":25},"end":{"line":151,"column":33}},"99":{"start":{"line":152,"column":28},"end":{"line":152,"column":30}},"100":{"start":{"line":153,"column":26},"end":{"line":153,"column":48}},"101":{"start":{"line":154,"column":29},"end":{"line":154,"column":52}},"102":{"start":{"line":155,"column":26},"end":{"line":155,"column":30}},"103":{"start":{"line":156,"column":29},"end":{"line":156,"column":51}},"104":{"start":{"line":158,"column":12},"end":{"line":160,"column":63}},"105":{"start":{"line":159,"column":16},"end":{"line":159,"column":93}},"106":{"start":{"line":164,"column":8},"end":{"line":175,"column":10}},"107":{"start":{"line":165,"column":25},"end":{"line":165,"column":33}},"108":{"start":{"line":166,"column":28},"end":{"line":166,"column":33}},"109":{"start":{"line":167,"column":26},"end":{"line":167,"column":48}},"110":{"start":{"line":168,"column":29},"end":{"line":168,"column":52}},"111":{"start":{"line":169,"column":26},"end":{"line":169,"column":30}},"112":{"start":{"line":170,"column":29},"end":{"line":170,"column":51}},"113":{"start":{"line":172,"column":12},"end":{"line":174,"column":63}},"114":{"start":{"line":173,"column":16},"end":{"line":173,"column":93}},"115":{"start":{"line":177,"column":8},"end":{"line":188,"column":10}},"116":{"start":{"line":178,"column":25},"end":{"line":178,"column":33}},"117":{"start":{"line":179,"column":28},"end":{"line":179,"column":30}},"118":{"start":{"line":180,"column":26},"end":{"line":180,"column":48}},"119":{"start":{"line":181,"column":29},"end":{"line":181,"column":52}},"120":{"start":{"line":182,"column":26},"end":{"line":182,"column":30}},"121":{"start":{"line":183,"column":29},"end":{"line":183,"column":51}},"122":{"start":{"line":185,"column":12},"end":{"line":187,"column":63}},"123":{"start":{"line":186,"column":16},"end":{"line":186,"column":93}},"124":{"start":{"line":190,"column":8},"end":{"line":201,"column":10}},"125":{"start":{"line":191,"column":25},"end":{"line":191,"column":33}},"126":{"start":{"line":192,"column":28},"end":{"line":192,"column":30}},"127":{"start":{"line":193,"column":26},"end":{"line":193,"column":48}},"128":{"start":{"line":194,"column":29},"end":{"line":194,"column":52}},"129":{"start":{"line":195,"column":26},"end":{"line":195,"column":30}},"130":{"start":{"line":196,"column":29},"end":{"line":196,"column":51}},"131":{"start":{"line":198,"column":12},"end":{"line":200,"column":63}},"132":{"start":{"line":199,"column":16},"end":{"line":199,"column":92}},"133":{"start":{"line":203,"column":8},"end":{"line":214,"column":10}},"134":{"start":{"line":204,"column":25},"end":{"line":204,"column":33}},"135":{"start":{"line":205,"column":28},"end":{"line":205,"column":30}},"136":{"start":{"line":206,"column":26},"end":{"line":206,"column":48}},"137":{"start":{"line":207,"column":29},"end":{"line":207,"column":52}},"138":{"start":{"line":208,"column":26},"end":{"line":208,"column":30}},"139":{"start":{"line":209,"column":29},"end":{"line":209,"column":51}},"140":{"start":{"line":211,"column":12},"end":{"line":213,"column":56}},"141":{"start":{"line":212,"column":16},"end":{"line":212,"column":93}},"142":{"start":{"line":216,"column":8},"end":{"line":227,"column":10}},"143":{"start":{"line":217,"column":25},"end":{"line":217,"column":33}},"144":{"start":{"line":218,"column":28},"end":{"line":218,"column":35}},"145":{"start":{"line":219,"column":26},"end":{"line":219,"column":35}},"146":{"start":{"line":220,"column":29},"end":{"line":220,"column":52}},"147":{"start":{"line":221,"column":26},"end":{"line":221,"column":30}},"148":{"start":{"line":222,"column":29},"end":{"line":222,"column":51}},"149":{"start":{"line":224,"column":12},"end":{"line":226,"column":61}},"150":{"start":{"line":225,"column":16},"end":{"line":225,"column":93}},"151":{"start":{"line":229,"column":8},"end":{"line":240,"column":10}},"152":{"start":{"line":230,"column":25},"end":{"line":230,"column":33}},"153":{"start":{"line":231,"column":28},"end":{"line":231,"column":35}},"154":{"start":{"line":232,"column":26},"end":{"line":232,"column":29}},"155":{"start":{"line":233,"column":29},"end":{"line":233,"column":52}},"156":{"start":{"line":234,"column":26},"end":{"line":234,"column":30}},"157":{"start":{"line":235,"column":29},"end":{"line":235,"column":51}},"158":{"start":{"line":237,"column":12},"end":{"line":239,"column":61}},"159":{"start":{"line":238,"column":16},"end":{"line":238,"column":93}},"160":{"start":{"line":243,"column":8},"end":{"line":254,"column":10}},"161":{"start":{"line":244,"column":25},"end":{"line":244,"column":33}},"162":{"start":{"line":245,"column":28},"end":{"line":245,"column":35}},"163":{"start":{"line":246,"column":26},"end":{"line":246,"column":30}},"164":{"start":{"line":247,"column":29},"end":{"line":247,"column":52}},"165":{"start":{"line":248,"column":26},"end":{"line":248,"column":30}},"166":{"start":{"line":249,"column":29},"end":{"line":249,"column":51}},"167":{"start":{"line":251,"column":12},"end":{"line":253,"column":61}},"168":{"start":{"line":252,"column":16},"end":{"line":252,"column":93}},"169":{"start":{"line":256,"column":8},"end":{"line":267,"column":10}},"170":{"start":{"line":257,"column":25},"end":{"line":257,"column":33}},"171":{"start":{"line":258,"column":28},"end":{"line":258,"column":35}},"172":{"start":{"line":259,"column":26},"end":{"line":259,"column":28}},"173":{"start":{"line":260,"column":29},"end":{"line":260,"column":52}},"174":{"start":{"line":261,"column":26},"end":{"line":261,"column":30}},"175":{"start":{"line":262,"column":29},"end":{"line":262,"column":51}},"176":{"start":{"line":264,"column":12},"end":{"line":266,"column":61}},"177":{"start":{"line":265,"column":16},"end":{"line":265,"column":93}},"178":{"start":{"line":269,"column":8},"end":{"line":280,"column":10}},"179":{"start":{"line":270,"column":25},"end":{"line":270,"column":33}},"180":{"start":{"line":271,"column":28},"end":{"line":271,"column":35}},"181":{"start":{"line":272,"column":26},"end":{"line":272,"column":28}},"182":{"start":{"line":273,"column":29},"end":{"line":273,"column":52}},"183":{"start":{"line":274,"column":26},"end":{"line":274,"column":30}},"184":{"start":{"line":275,"column":29},"end":{"line":275,"column":51}},"185":{"start":{"line":277,"column":12},"end":{"line":279,"column":60}},"186":{"start":{"line":278,"column":16},"end":{"line":278,"column":92}},"187":{"start":{"line":282,"column":8},"end":{"line":293,"column":10}},"188":{"start":{"line":283,"column":25},"end":{"line":283,"column":33}},"189":{"start":{"line":284,"column":28},"end":{"line":284,"column":35}},"190":{"start":{"line":285,"column":26},"end":{"line":285,"column":28}},"191":{"start":{"line":286,"column":29},"end":{"line":286,"column":52}},"192":{"start":{"line":287,"column":26},"end":{"line":287,"column":30}},"193":{"start":{"line":288,"column":29},"end":{"line":288,"column":51}},"194":{"start":{"line":290,"column":12},"end":{"line":292,"column":54}},"195":{"start":{"line":291,"column":16},"end":{"line":291,"column":93}},"196":{"start":{"line":295,"column":8},"end":{"line":306,"column":10}},"197":{"start":{"line":296,"column":25},"end":{"line":296,"column":33}},"198":{"start":{"line":297,"column":28},"end":{"line":297,"column":35}},"199":{"start":{"line":298,"column":26},"end":{"line":298,"column":48}},"200":{"start":{"line":299,"column":29},"end":{"line":299,"column":38}},"201":{"start":{"line":300,"column":26},"end":{"line":300,"column":30}},"202":{"start":{"line":301,"column":29},"end":{"line":301,"column":51}},"203":{"start":{"line":303,"column":12},"end":{"line":305,"column":64}},"204":{"start":{"line":304,"column":16},"end":{"line":304,"column":93}},"205":{"start":{"line":308,"column":8},"end":{"line":319,"column":10}},"206":{"start":{"line":309,"column":25},"end":{"line":309,"column":33}},"207":{"start":{"line":310,"column":28},"end":{"line":310,"column":35}},"208":{"start":{"line":311,"column":26},"end":{"line":311,"column":48}},"209":{"start":{"line":312,"column":29},"end":{"line":312,"column":32}},"210":{"start":{"line":313,"column":26},"end":{"line":313,"column":30}},"211":{"start":{"line":314,"column":29},"end":{"line":314,"column":51}},"212":{"start":{"line":316,"column":12},"end":{"line":318,"column":64}},"213":{"start":{"line":317,"column":16},"end":{"line":317,"column":93}},"214":{"start":{"line":322,"column":8},"end":{"line":333,"column":10}},"215":{"start":{"line":323,"column":25},"end":{"line":323,"column":33}},"216":{"start":{"line":324,"column":28},"end":{"line":324,"column":35}},"217":{"start":{"line":325,"column":26},"end":{"line":325,"column":48}},"218":{"start":{"line":326,"column":29},"end":{"line":326,"column":33}},"219":{"start":{"line":327,"column":26},"end":{"line":327,"column":30}},"220":{"start":{"line":328,"column":29},"end":{"line":328,"column":51}},"221":{"start":{"line":330,"column":12},"end":{"line":332,"column":64}},"222":{"start":{"line":331,"column":16},"end":{"line":331,"column":93}},"223":{"start":{"line":335,"column":8},"end":{"line":346,"column":10}},"224":{"start":{"line":336,"column":25},"end":{"line":336,"column":33}},"225":{"start":{"line":337,"column":28},"end":{"line":337,"column":35}},"226":{"start":{"line":338,"column":26},"end":{"line":338,"column":48}},"227":{"start":{"line":339,"column":29},"end":{"line":339,"column":31}},"228":{"start":{"line":340,"column":26},"end":{"line":340,"column":30}},"229":{"start":{"line":341,"column":29},"end":{"line":341,"column":51}},"230":{"start":{"line":343,"column":12},"end":{"line":345,"column":64}},"231":{"start":{"line":344,"column":16},"end":{"line":344,"column":93}},"232":{"start":{"line":348,"column":8},"end":{"line":359,"column":10}},"233":{"start":{"line":349,"column":25},"end":{"line":349,"column":33}},"234":{"start":{"line":350,"column":28},"end":{"line":350,"column":35}},"235":{"start":{"line":351,"column":26},"end":{"line":351,"column":48}},"236":{"start":{"line":352,"column":29},"end":{"line":352,"column":31}},"237":{"start":{"line":353,"column":26},"end":{"line":353,"column":30}},"238":{"start":{"line":354,"column":29},"end":{"line":354,"column":51}},"239":{"start":{"line":356,"column":12},"end":{"line":358,"column":64}},"240":{"start":{"line":357,"column":16},"end":{"line":357,"column":92}},"241":{"start":{"line":361,"column":8},"end":{"line":372,"column":10}},"242":{"start":{"line":362,"column":25},"end":{"line":362,"column":33}},"243":{"start":{"line":363,"column":28},"end":{"line":363,"column":35}},"244":{"start":{"line":364,"column":26},"end":{"line":364,"column":48}},"245":{"start":{"line":365,"column":29},"end":{"line":365,"column":31}},"246":{"start":{"line":366,"column":26},"end":{"line":366,"column":30}},"247":{"start":{"line":367,"column":29},"end":{"line":367,"column":51}},"248":{"start":{"line":369,"column":12},"end":{"line":371,"column":57}},"249":{"start":{"line":370,"column":16},"end":{"line":370,"column":93}},"250":{"start":{"line":374,"column":8},"end":{"line":385,"column":10}},"251":{"start":{"line":375,"column":25},"end":{"line":375,"column":33}},"252":{"start":{"line":376,"column":28},"end":{"line":376,"column":35}},"253":{"start":{"line":377,"column":26},"end":{"line":377,"column":48}},"254":{"start":{"line":378,"column":29},"end":{"line":378,"column":52}},"255":{"start":{"line":379,"column":26},"end":{"line":379,"column":30}},"256":{"start":{"line":380,"column":29},"end":{"line":380,"column":38}},"257":{"start":{"line":382,"column":12},"end":{"line":384,"column":64}},"258":{"start":{"line":383,"column":16},"end":{"line":383,"column":93}},"259":{"start":{"line":387,"column":8},"end":{"line":398,"column":10}},"260":{"start":{"line":388,"column":25},"end":{"line":388,"column":33}},"261":{"start":{"line":389,"column":28},"end":{"line":389,"column":35}},"262":{"start":{"line":390,"column":26},"end":{"line":390,"column":48}},"263":{"start":{"line":391,"column":29},"end":{"line":391,"column":52}},"264":{"start":{"line":392,"column":26},"end":{"line":392,"column":30}},"265":{"start":{"line":393,"column":29},"end":{"line":393,"column":32}},"266":{"start":{"line":395,"column":12},"end":{"line":397,"column":64}},"267":{"start":{"line":396,"column":16},"end":{"line":396,"column":93}},"268":{"start":{"line":401,"column":8},"end":{"line":412,"column":10}},"269":{"start":{"line":402,"column":25},"end":{"line":402,"column":33}},"270":{"start":{"line":403,"column":28},"end":{"line":403,"column":35}},"271":{"start":{"line":404,"column":26},"end":{"line":404,"column":48}},"272":{"start":{"line":405,"column":29},"end":{"line":405,"column":52}},"273":{"start":{"line":406,"column":26},"end":{"line":406,"column":30}},"274":{"start":{"line":407,"column":29},"end":{"line":407,"column":34}},"275":{"start":{"line":409,"column":12},"end":{"line":411,"column":64}},"276":{"start":{"line":410,"column":16},"end":{"line":410,"column":93}},"277":{"start":{"line":414,"column":8},"end":{"line":425,"column":10}},"278":{"start":{"line":415,"column":25},"end":{"line":415,"column":33}},"279":{"start":{"line":416,"column":28},"end":{"line":416,"column":35}},"280":{"start":{"line":417,"column":26},"end":{"line":417,"column":48}},"281":{"start":{"line":418,"column":29},"end":{"line":418,"column":52}},"282":{"start":{"line":419,"column":26},"end":{"line":419,"column":30}},"283":{"start":{"line":420,"column":29},"end":{"line":420,"column":31}},"284":{"start":{"line":422,"column":12},"end":{"line":424,"column":64}},"285":{"start":{"line":423,"column":16},"end":{"line":423,"column":93}},"286":{"start":{"line":427,"column":8},"end":{"line":438,"column":10}},"287":{"start":{"line":428,"column":25},"end":{"line":428,"column":33}},"288":{"start":{"line":429,"column":28},"end":{"line":429,"column":35}},"289":{"start":{"line":430,"column":26},"end":{"line":430,"column":48}},"290":{"start":{"line":431,"column":29},"end":{"line":431,"column":52}},"291":{"start":{"line":432,"column":26},"end":{"line":432,"column":30}},"292":{"start":{"line":433,"column":29},"end":{"line":433,"column":31}},"293":{"start":{"line":435,"column":12},"end":{"line":437,"column":64}},"294":{"start":{"line":436,"column":16},"end":{"line":436,"column":92}},"295":{"start":{"line":440,"column":8},"end":{"line":451,"column":10}},"296":{"start":{"line":441,"column":25},"end":{"line":441,"column":33}},"297":{"start":{"line":442,"column":28},"end":{"line":442,"column":35}},"298":{"start":{"line":443,"column":26},"end":{"line":443,"column":48}},"299":{"start":{"line":444,"column":29},"end":{"line":444,"column":52}},"300":{"start":{"line":445,"column":26},"end":{"line":445,"column":30}},"301":{"start":{"line":446,"column":29},"end":{"line":446,"column":31}},"302":{"start":{"line":448,"column":12},"end":{"line":450,"column":57}},"303":{"start":{"line":449,"column":16},"end":{"line":449,"column":93}},"304":{"start":{"line":533,"column":4},"end":{"line":717,"column":6}},"305":{"start":{"line":534,"column":21},"end":{"line":534,"column":29}},"306":{"start":{"line":535,"column":24},"end":{"line":535,"column":31}},"307":{"start":{"line":536,"column":22},"end":{"line":536,"column":61}},"308":{"start":{"line":537,"column":25},"end":{"line":537,"column":48}},"309":{"start":{"line":538,"column":25},"end":{"line":538,"column":47}},"310":{"start":{"line":539,"column":22},"end":{"line":539,"column":26}},"311":{"start":{"line":541,"column":8},"end":{"line":544,"column":9}},"312":{"start":{"line":542,"column":12},"end":{"line":543,"column":102}},"313":{"start":{"line":543,"column":30},"end":{"line":543,"column":101}},"314":{"start":{"line":546,"column":8},"end":{"line":551,"column":9}},"315":{"start":{"line":547,"column":12},"end":{"line":550,"column":18}},"316":{"start":{"line":549,"column":20},"end":{"line":549,"column":44}},"317":{"start":{"line":553,"column":8},"end":{"line":560,"column":10}},"318":{"start":{"line":554,"column":26},"end":{"line":554,"column":35}},"319":{"start":{"line":555,"column":29},"end":{"line":555,"column":51}},"320":{"start":{"line":557,"column":12},"end":{"line":559,"column":61}},"321":{"start":{"line":558,"column":16},"end":{"line":558,"column":55}},"322":{"start":{"line":562,"column":8},"end":{"line":569,"column":10}},"323":{"start":{"line":563,"column":26},"end":{"line":563,"column":29}},"324":{"start":{"line":564,"column":29},"end":{"line":564,"column":51}},"325":{"start":{"line":566,"column":12},"end":{"line":568,"column":61}},"326":{"start":{"line":567,"column":16},"end":{"line":567,"column":55}},"327":{"start":{"line":572,"column":8},"end":{"line":579,"column":10}},"328":{"start":{"line":573,"column":26},"end":{"line":573,"column":30}},"329":{"start":{"line":574,"column":29},"end":{"line":574,"column":51}},"330":{"start":{"line":576,"column":12},"end":{"line":578,"column":61}},"331":{"start":{"line":577,"column":16},"end":{"line":577,"column":55}},"332":{"start":{"line":581,"column":8},"end":{"line":588,"column":10}},"333":{"start":{"line":582,"column":26},"end":{"line":582,"column":28}},"334":{"start":{"line":583,"column":29},"end":{"line":583,"column":51}},"335":{"start":{"line":585,"column":12},"end":{"line":587,"column":61}},"336":{"start":{"line":586,"column":16},"end":{"line":586,"column":55}},"337":{"start":{"line":590,"column":8},"end":{"line":597,"column":10}},"338":{"start":{"line":591,"column":26},"end":{"line":591,"column":28}},"339":{"start":{"line":592,"column":29},"end":{"line":592,"column":51}},"340":{"start":{"line":594,"column":12},"end":{"line":596,"column":60}},"341":{"start":{"line":595,"column":16},"end":{"line":595,"column":55}},"342":{"start":{"line":599,"column":8},"end":{"line":606,"column":10}},"343":{"start":{"line":600,"column":26},"end":{"line":600,"column":28}},"344":{"start":{"line":601,"column":29},"end":{"line":601,"column":51}},"345":{"start":{"line":603,"column":12},"end":{"line":605,"column":66}},"346":{"start":{"line":604,"column":16},"end":{"line":604,"column":55}},"347":{"start":{"line":608,"column":8},"end":{"line":615,"column":10}},"348":{"start":{"line":609,"column":29},"end":{"line":609,"column":38}},"349":{"start":{"line":610,"column":29},"end":{"line":610,"column":51}},"350":{"start":{"line":612,"column":12},"end":{"line":614,"column":64}},"351":{"start":{"line":613,"column":16},"end":{"line":613,"column":58}},"352":{"start":{"line":617,"column":8},"end":{"line":624,"column":10}},"353":{"start":{"line":618,"column":29},"end":{"line":618,"column":32}},"354":{"start":{"line":619,"column":29},"end":{"line":619,"column":51}},"355":{"start":{"line":621,"column":12},"end":{"line":623,"column":64}},"356":{"start":{"line":622,"column":16},"end":{"line":622,"column":58}},"357":{"start":{"line":627,"column":8},"end":{"line":634,"column":10}},"358":{"start":{"line":628,"column":29},"end":{"line":628,"column":33}},"359":{"start":{"line":629,"column":29},"end":{"line":629,"column":51}},"360":{"start":{"line":631,"column":12},"end":{"line":633,"column":64}},"361":{"start":{"line":632,"column":16},"end":{"line":632,"column":58}},"362":{"start":{"line":636,"column":8},"end":{"line":643,"column":10}},"363":{"start":{"line":637,"column":29},"end":{"line":637,"column":31}},"364":{"start":{"line":638,"column":29},"end":{"line":638,"column":51}},"365":{"start":{"line":640,"column":12},"end":{"line":642,"column":64}},"366":{"start":{"line":641,"column":16},"end":{"line":641,"column":58}},"367":{"start":{"line":645,"column":8},"end":{"line":652,"column":10}},"368":{"start":{"line":646,"column":29},"end":{"line":646,"column":31}},"369":{"start":{"line":647,"column":29},"end":{"line":647,"column":51}},"370":{"start":{"line":649,"column":12},"end":{"line":651,"column":64}},"371":{"start":{"line":650,"column":16},"end":{"line":650,"column":58}},"372":{"start":{"line":654,"column":8},"end":{"line":661,"column":10}},"373":{"start":{"line":655,"column":29},"end":{"line":655,"column":31}},"374":{"start":{"line":656,"column":29},"end":{"line":656,"column":51}},"375":{"start":{"line":658,"column":12},"end":{"line":660,"column":66}},"376":{"start":{"line":659,"column":16},"end":{"line":659,"column":58}},"377":{"start":{"line":663,"column":8},"end":{"line":670,"column":10}},"378":{"start":{"line":664,"column":26},"end":{"line":664,"column":48}},"379":{"start":{"line":665,"column":29},"end":{"line":665,"column":38}},"380":{"start":{"line":667,"column":12},"end":{"line":669,"column":64}},"381":{"start":{"line":668,"column":16},"end":{"line":668,"column":55}},"382":{"start":{"line":672,"column":8},"end":{"line":679,"column":10}},"383":{"start":{"line":673,"column":26},"end":{"line":673,"column":48}},"384":{"start":{"line":674,"column":29},"end":{"line":674,"column":32}},"385":{"start":{"line":676,"column":12},"end":{"line":678,"column":64}},"386":{"start":{"line":677,"column":16},"end":{"line":677,"column":55}},"387":{"start":{"line":682,"column":8},"end":{"line":689,"column":10}},"388":{"start":{"line":683,"column":26},"end":{"line":683,"column":48}},"389":{"start":{"line":684,"column":29},"end":{"line":684,"column":34}},"390":{"start":{"line":686,"column":12},"end":{"line":688,"column":64}},"391":{"start":{"line":687,"column":16},"end":{"line":687,"column":55}},"392":{"start":{"line":691,"column":8},"end":{"line":698,"column":10}},"393":{"start":{"line":692,"column":26},"end":{"line":692,"column":48}},"394":{"start":{"line":693,"column":29},"end":{"line":693,"column":31}},"395":{"start":{"line":695,"column":12},"end":{"line":697,"column":64}},"396":{"start":{"line":696,"column":16},"end":{"line":696,"column":55}},"397":{"start":{"line":700,"column":8},"end":{"line":707,"column":10}},"398":{"start":{"line":701,"column":26},"end":{"line":701,"column":48}},"399":{"start":{"line":702,"column":29},"end":{"line":702,"column":31}},"400":{"start":{"line":704,"column":12},"end":{"line":706,"column":64}},"401":{"start":{"line":705,"column":16},"end":{"line":705,"column":55}},"402":{"start":{"line":709,"column":8},"end":{"line":716,"column":10}},"403":{"start":{"line":710,"column":26},"end":{"line":710,"column":48}},"404":{"start":{"line":711,"column":29},"end":{"line":711,"column":31}},"405":{"start":{"line":713,"column":12},"end":{"line":715,"column":57}},"406":{"start":{"line":714,"column":16},"end":{"line":714,"column":55}},"407":{"start":{"line":719,"column":4},"end":{"line":793,"column":6}},"408":{"start":{"line":720,"column":21},"end":{"line":720,"column":29}},"409":{"start":{"line":721,"column":24},"end":{"line":721,"column":31}},"410":{"start":{"line":722,"column":22},"end":{"line":722,"column":61}},"411":{"start":{"line":723,"column":25},"end":{"line":723,"column":48}},"412":{"start":{"line":724,"column":25},"end":{"line":724,"column":47}},"413":{"start":{"line":725,"column":22},"end":{"line":725,"column":26}},"414":{"start":{"line":727,"column":8},"end":{"line":744,"column":10}},"415":{"start":{"line":729,"column":12},"end":{"line":742,"column":18}},"416":{"start":{"line":730,"column":30},"end":{"line":730,"column":101}},"417":{"start":{"line":732,"column":20},"end":{"line":741,"column":26}},"418":{"start":{"line":733,"column":39},"end":{"line":733,"column":77}},"419":{"start":{"line":735,"column":28},"end":{"line":735,"column":54}},"420":{"start":{"line":736,"column":28},"end":{"line":736,"column":56}},"421":{"start":{"line":737,"column":28},"end":{"line":737,"column":62}},"422":{"start":{"line":738,"column":28},"end":{"line":738,"column":58}},"423":{"start":{"line":739,"column":28},"end":{"line":739,"column":64}},"424":{"start":{"line":740,"column":28},"end":{"line":740,"column":58}},"425":{"start":{"line":746,"column":8},"end":{"line":752,"column":10}},"426":{"start":{"line":747,"column":27},"end":{"line":747,"column":36}},"427":{"start":{"line":749,"column":12},"end":{"line":751,"column":62}},"428":{"start":{"line":750,"column":16},"end":{"line":750,"column":42}},"429":{"start":{"line":754,"column":8},"end":{"line":760,"column":10}},"430":{"start":{"line":755,"column":27},"end":{"line":755,"column":30}},"431":{"start":{"line":757,"column":12},"end":{"line":759,"column":62}},"432":{"start":{"line":758,"column":16},"end":{"line":758,"column":42}},"433":{"start":{"line":762,"column":8},"end":{"line":768,"column":10}},"434":{"start":{"line":763,"column":27},"end":{"line":763,"column":31}},"435":{"start":{"line":765,"column":12},"end":{"line":767,"column":62}},"436":{"start":{"line":766,"column":16},"end":{"line":766,"column":42}},"437":{"start":{"line":770,"column":8},"end":{"line":776,"column":10}},"438":{"start":{"line":771,"column":27},"end":{"line":771,"column":29}},"439":{"start":{"line":773,"column":12},"end":{"line":775,"column":62}},"440":{"start":{"line":774,"column":16},"end":{"line":774,"column":42}},"441":{"start":{"line":778,"column":8},"end":{"line":784,"column":10}},"442":{"start":{"line":779,"column":27},"end":{"line":779,"column":29}},"443":{"start":{"line":781,"column":12},"end":{"line":783,"column":62}},"444":{"start":{"line":782,"column":16},"end":{"line":782,"column":42}},"445":{"start":{"line":786,"column":8},"end":{"line":792,"column":10}},"446":{"start":{"line":787,"column":27},"end":{"line":787,"column":29}},"447":{"start":{"line":789,"column":12},"end":{"line":791,"column":52}},"448":{"start":{"line":790,"column":16},"end":{"line":790,"column":42}},"449":{"start":{"line":946,"column":4},"end":{"line":974,"column":6}},"450":{"start":{"line":947,"column":21},"end":{"line":947,"column":29}},"451":{"start":{"line":948,"column":24},"end":{"line":948,"column":31}},"452":{"start":{"line":949,"column":22},"end":{"line":949,"column":61}},"453":{"start":{"line":950,"column":25},"end":{"line":950,"column":48}},"454":{"start":{"line":951,"column":25},"end":{"line":951,"column":47}},"455":{"start":{"line":952,"column":22},"end":{"line":952,"column":26}},"456":{"start":{"line":954,"column":20},"end":{"line":954,"column":49}},"457":{"start":{"line":956,"column":8},"end":{"line":971,"column":10}},"458":{"start":{"line":957,"column":12},"end":{"line":970,"column":18}},"459":{"start":{"line":958,"column":30},"end":{"line":958,"column":101}},"460":{"start":{"line":960,"column":20},"end":{"line":969,"column":26}},"461":{"start":{"line":961,"column":39},"end":{"line":961,"column":90}},"462":{"start":{"line":963,"column":28},"end":{"line":963,"column":54}},"463":{"start":{"line":964,"column":28},"end":{"line":964,"column":56}},"464":{"start":{"line":965,"column":28},"end":{"line":965,"column":62}},"465":{"start":{"line":966,"column":28},"end":{"line":966,"column":58}},"466":{"start":{"line":967,"column":28},"end":{"line":967,"column":64}},"467":{"start":{"line":968,"column":28},"end":{"line":968,"column":58}},"468":{"start":{"line":976,"column":4},"end":{"line":1798,"column":6}},"469":{"start":{"line":977,"column":21},"end":{"line":977,"column":29}},"470":{"start":{"line":978,"column":24},"end":{"line":978,"column":31}},"471":{"start":{"line":979,"column":22},"end":{"line":979,"column":61}},"472":{"start":{"line":980,"column":25},"end":{"line":980,"column":48}},"473":{"start":{"line":981,"column":25},"end":{"line":981,"column":47}},"474":{"start":{"line":982,"column":22},"end":{"line":982,"column":26}},"475":{"start":{"line":984,"column":29},"end":{"line":984,"column":45}},"476":{"start":{"line":985,"column":26},"end":{"line":985,"column":33}},"477":{"start":{"line":986,"column":26},"end":{"line":986,"column":38}},"478":{"start":{"line":987,"column":32},"end":{"line":987,"column":40}},"479":{"start":{"line":988,"column":35},"end":{"line":988,"column":42}},"480":{"start":{"line":989,"column":30},"end":{"line":989,"column":46}},"481":{"start":{"line":990,"column":27},"end":{"line":990,"column":28}},"482":{"start":{"line":991,"column":23},"end":{"line":991,"column":24}},"483":{"start":{"line":992,"column":31},"end":{"line":992,"column":37}},"484":{"start":{"line":994,"column":8},"end":{"line":1015,"column":10}},"485":{"start":{"line":995,"column":12},"end":{"line":1014,"column":18}},"486":{"start":{"line":996,"column":30},"end":{"line":996,"column":101}},"487":{"start":{"line":998,"column":20},"end":{"line":1013,"column":26}},"488":{"start":{"line":999,"column":39},"end":{"line":999,"column":200}},"489":{"start":{"line":1001,"column":28},"end":{"line":1001,"column":52}},"490":{"start":{"line":1003,"column":36},"end":{"line":1003,"column":66}},"491":{"start":{"line":1005,"column":28},"end":{"line":1005,"column":73}},"492":{"start":{"line":1006,"column":28},"end":{"line":1006,"column":67}},"493":{"start":{"line":1007,"column":28},"end":{"line":1007,"column":79}},"494":{"start":{"line":1008,"column":28},"end":{"line":1008,"column":85}},"495":{"start":{"line":1009,"column":28},"end":{"line":1009,"column":81}},"496":{"start":{"line":1010,"column":28},"end":{"line":1010,"column":81}},"497":{"start":{"line":1011,"column":28},"end":{"line":1011,"column":69}},"498":{"start":{"line":1012,"column":28},"end":{"line":1012,"column":61}},"499":{"start":{"line":1017,"column":8},"end":{"line":1031,"column":10}},"500":{"start":{"line":1018,"column":33},"end":{"line":1018,"column":42}},"501":{"start":{"line":1019,"column":27},"end":{"line":1019,"column":44}},"502":{"start":{"line":1020,"column":30},"end":{"line":1020,"column":37}},"503":{"start":{"line":1021,"column":36},"end":{"line":1021,"column":44}},"504":{"start":{"line":1022,"column":30},"end":{"line":1022,"column":42}},"505":{"start":{"line":1023,"column":39},"end":{"line":1023,"column":46}},"506":{"start":{"line":1024,"column":34},"end":{"line":1024,"column":50}},"507":{"start":{"line":1025,"column":31},"end":{"line":1025,"column":32}},"508":{"start":{"line":1026,"column":27},"end":{"line":1026,"column":28}},"509":{"start":{"line":1028,"column":12},"end":{"line":1030,"column":64}},"510":{"start":{"line":1029,"column":16},"end":{"line":1029,"column":149}},"511":{"start":{"line":1033,"column":8},"end":{"line":1047,"column":10}},"512":{"start":{"line":1034,"column":33},"end":{"line":1034,"column":36}},"513":{"start":{"line":1035,"column":27},"end":{"line":1035,"column":44}},"514":{"start":{"line":1036,"column":30},"end":{"line":1036,"column":37}},"515":{"start":{"line":1037,"column":36},"end":{"line":1037,"column":44}},"516":{"start":{"line":1038,"column":30},"end":{"line":1038,"column":42}},"517":{"start":{"line":1039,"column":39},"end":{"line":1039,"column":46}},"518":{"start":{"line":1040,"column":34},"end":{"line":1040,"column":50}},"519":{"start":{"line":1041,"column":31},"end":{"line":1041,"column":32}},"520":{"start":{"line":1042,"column":27},"end":{"line":1042,"column":28}},"521":{"start":{"line":1044,"column":12},"end":{"line":1046,"column":64}},"522":{"start":{"line":1045,"column":16},"end":{"line":1045,"column":149}},"523":{"start":{"line":1049,"column":8},"end":{"line":1063,"column":10}},"524":{"start":{"line":1050,"column":33},"end":{"line":1050,"column":37}},"525":{"start":{"line":1051,"column":27},"end":{"line":1051,"column":44}},"526":{"start":{"line":1052,"column":30},"end":{"line":1052,"column":37}},"527":{"start":{"line":1053,"column":36},"end":{"line":1053,"column":44}},"528":{"start":{"line":1054,"column":30},"end":{"line":1054,"column":42}},"529":{"start":{"line":1055,"column":39},"end":{"line":1055,"column":46}},"530":{"start":{"line":1056,"column":34},"end":{"line":1056,"column":50}},"531":{"start":{"line":1057,"column":31},"end":{"line":1057,"column":32}},"532":{"start":{"line":1058,"column":27},"end":{"line":1058,"column":28}},"533":{"start":{"line":1060,"column":12},"end":{"line":1062,"column":64}},"534":{"start":{"line":1061,"column":16},"end":{"line":1061,"column":149}},"535":{"start":{"line":1065,"column":8},"end":{"line":1079,"column":10}},"536":{"start":{"line":1066,"column":33},"end":{"line":1066,"column":35}},"537":{"start":{"line":1067,"column":27},"end":{"line":1067,"column":44}},"538":{"start":{"line":1068,"column":30},"end":{"line":1068,"column":37}},"539":{"start":{"line":1069,"column":36},"end":{"line":1069,"column":44}},"540":{"start":{"line":1070,"column":30},"end":{"line":1070,"column":42}},"541":{"start":{"line":1071,"column":39},"end":{"line":1071,"column":46}},"542":{"start":{"line":1072,"column":34},"end":{"line":1072,"column":50}},"543":{"start":{"line":1073,"column":31},"end":{"line":1073,"column":32}},"544":{"start":{"line":1074,"column":27},"end":{"line":1074,"column":28}},"545":{"start":{"line":1076,"column":12},"end":{"line":1078,"column":64}},"546":{"start":{"line":1077,"column":16},"end":{"line":1077,"column":149}},"547":{"start":{"line":1081,"column":8},"end":{"line":1095,"column":10}},"548":{"start":{"line":1082,"column":33},"end":{"line":1082,"column":35}},"549":{"start":{"line":1083,"column":27},"end":{"line":1083,"column":44}},"550":{"start":{"line":1084,"column":30},"end":{"line":1084,"column":37}},"551":{"start":{"line":1085,"column":36},"end":{"line":1085,"column":44}},"552":{"start":{"line":1086,"column":30},"end":{"line":1086,"column":42}},"553":{"start":{"line":1087,"column":39},"end":{"line":1087,"column":46}},"554":{"start":{"line":1088,"column":34},"end":{"line":1088,"column":50}},"555":{"start":{"line":1089,"column":31},"end":{"line":1089,"column":32}},"556":{"start":{"line":1090,"column":27},"end":{"line":1090,"column":28}},"557":{"start":{"line":1092,"column":12},"end":{"line":1094,"column":64}},"558":{"start":{"line":1093,"column":16},"end":{"line":1093,"column":149}},"559":{"start":{"line":1097,"column":8},"end":{"line":1111,"column":10}},"560":{"start":{"line":1098,"column":33},"end":{"line":1098,"column":35}},"561":{"start":{"line":1099,"column":27},"end":{"line":1099,"column":44}},"562":{"start":{"line":1100,"column":30},"end":{"line":1100,"column":37}},"563":{"start":{"line":1101,"column":36},"end":{"line":1101,"column":44}},"564":{"start":{"line":1102,"column":30},"end":{"line":1102,"column":42}},"565":{"start":{"line":1103,"column":39},"end":{"line":1103,"column":46}},"566":{"start":{"line":1104,"column":34},"end":{"line":1104,"column":50}},"567":{"start":{"line":1105,"column":31},"end":{"line":1105,"column":32}},"568":{"start":{"line":1106,"column":27},"end":{"line":1106,"column":28}},"569":{"start":{"line":1108,"column":12},"end":{"line":1110,"column":54}},"570":{"start":{"line":1109,"column":16},"end":{"line":1109,"column":149}},"571":{"start":{"line":1115,"column":8},"end":{"line":1129,"column":10}},"572":{"start":{"line":1116,"column":33},"end":{"line":1116,"column":52}},"573":{"start":{"line":1117,"column":27},"end":{"line":1117,"column":36}},"574":{"start":{"line":1118,"column":30},"end":{"line":1118,"column":37}},"575":{"start":{"line":1119,"column":36},"end":{"line":1119,"column":44}},"576":{"start":{"line":1120,"column":30},"end":{"line":1120,"column":42}},"577":{"start":{"line":1121,"column":39},"end":{"line":1121,"column":46}},"578":{"start":{"line":1122,"column":34},"end":{"line":1122,"column":50}},"579":{"start":{"line":1123,"column":31},"end":{"line":1123,"column":32}},"580":{"start":{"line":1124,"column":27},"end":{"line":1124,"column":28}},"581":{"start":{"line":1126,"column":12},"end":{"line":1128,"column":58}},"582":{"start":{"line":1127,"column":16},"end":{"line":1127,"column":149}},"583":{"start":{"line":1131,"column":8},"end":{"line":1145,"column":10}},"584":{"start":{"line":1132,"column":33},"end":{"line":1132,"column":46}},"585":{"start":{"line":1133,"column":27},"end":{"line":1133,"column":30}},"586":{"start":{"line":1134,"column":30},"end":{"line":1134,"column":37}},"587":{"start":{"line":1135,"column":36},"end":{"line":1135,"column":44}},"588":{"start":{"line":1136,"column":30},"end":{"line":1136,"column":42}},"589":{"start":{"line":1137,"column":39},"end":{"line":1137,"column":46}},"590":{"start":{"line":1138,"column":34},"end":{"line":1138,"column":50}},"591":{"start":{"line":1139,"column":31},"end":{"line":1139,"column":32}},"592":{"start":{"line":1140,"column":27},"end":{"line":1140,"column":28}},"593":{"start":{"line":1142,"column":12},"end":{"line":1144,"column":58}},"594":{"start":{"line":1143,"column":16},"end":{"line":1143,"column":149}},"595":{"start":{"line":1147,"column":8},"end":{"line":1161,"column":10}},"596":{"start":{"line":1148,"column":33},"end":{"line":1148,"column":49}},"597":{"start":{"line":1149,"column":27},"end":{"line":1149,"column":31}},"598":{"start":{"line":1150,"column":30},"end":{"line":1150,"column":37}},"599":{"start":{"line":1151,"column":36},"end":{"line":1151,"column":44}},"600":{"start":{"line":1152,"column":30},"end":{"line":1152,"column":42}},"601":{"start":{"line":1153,"column":39},"end":{"line":1153,"column":46}},"602":{"start":{"line":1154,"column":34},"end":{"line":1154,"column":50}},"603":{"start":{"line":1155,"column":31},"end":{"line":1155,"column":32}},"604":{"start":{"line":1156,"column":27},"end":{"line":1156,"column":28}},"605":{"start":{"line":1158,"column":12},"end":{"line":1160,"column":58}},"606":{"start":{"line":1159,"column":16},"end":{"line":1159,"column":149}},"607":{"start":{"line":1163,"column":8},"end":{"line":1177,"column":10}},"608":{"start":{"line":1164,"column":33},"end":{"line":1164,"column":42}},"609":{"start":{"line":1165,"column":27},"end":{"line":1165,"column":29}},"610":{"start":{"line":1166,"column":30},"end":{"line":1166,"column":37}},"611":{"start":{"line":1167,"column":36},"end":{"line":1167,"column":44}},"612":{"start":{"line":1168,"column":30},"end":{"line":1168,"column":42}},"613":{"start":{"line":1169,"column":39},"end":{"line":1169,"column":46}},"614":{"start":{"line":1170,"column":34},"end":{"line":1170,"column":50}},"615":{"start":{"line":1171,"column":31},"end":{"line":1171,"column":32}},"616":{"start":{"line":1172,"column":27},"end":{"line":1172,"column":28}},"617":{"start":{"line":1174,"column":12},"end":{"line":1176,"column":58}},"618":{"start":{"line":1175,"column":16},"end":{"line":1175,"column":149}},"619":{"start":{"line":1179,"column":8},"end":{"line":1193,"column":10}},"620":{"start":{"line":1180,"column":33},"end":{"line":1180,"column":40}},"621":{"start":{"line":1181,"column":27},"end":{"line":1181,"column":29}},"622":{"start":{"line":1182,"column":30},"end":{"line":1182,"column":37}},"623":{"start":{"line":1183,"column":36},"end":{"line":1183,"column":44}},"624":{"start":{"line":1184,"column":30},"end":{"line":1184,"column":42}},"625":{"start":{"line":1185,"column":39},"end":{"line":1185,"column":46}},"626":{"start":{"line":1186,"column":34},"end":{"line":1186,"column":50}},"627":{"start":{"line":1187,"column":31},"end":{"line":1187,"column":32}},"628":{"start":{"line":1188,"column":27},"end":{"line":1188,"column":28}},"629":{"start":{"line":1190,"column":12},"end":{"line":1192,"column":58}},"630":{"start":{"line":1191,"column":16},"end":{"line":1191,"column":149}},"631":{"start":{"line":1195,"column":8},"end":{"line":1209,"column":10}},"632":{"start":{"line":1196,"column":33},"end":{"line":1196,"column":46}},"633":{"start":{"line":1197,"column":27},"end":{"line":1197,"column":29}},"634":{"start":{"line":1198,"column":30},"end":{"line":1198,"column":37}},"635":{"start":{"line":1199,"column":36},"end":{"line":1199,"column":44}},"636":{"start":{"line":1200,"column":30},"end":{"line":1200,"column":42}},"637":{"start":{"line":1201,"column":39},"end":{"line":1201,"column":46}},"638":{"start":{"line":1202,"column":34},"end":{"line":1202,"column":50}},"639":{"start":{"line":1203,"column":31},"end":{"line":1203,"column":32}},"640":{"start":{"line":1204,"column":27},"end":{"line":1204,"column":28}},"641":{"start":{"line":1206,"column":12},"end":{"line":1208,"column":48}},"642":{"start":{"line":1207,"column":16},"end":{"line":1207,"column":149}},"643":{"start":{"line":1213,"column":8},"end":{"line":1227,"column":10}},"644":{"start":{"line":1214,"column":33},"end":{"line":1214,"column":44}},"645":{"start":{"line":1215,"column":27},"end":{"line":1215,"column":44}},"646":{"start":{"line":1216,"column":30},"end":{"line":1216,"column":39}},"647":{"start":{"line":1217,"column":36},"end":{"line":1217,"column":44}},"648":{"start":{"line":1218,"column":30},"end":{"line":1218,"column":42}},"649":{"start":{"line":1219,"column":39},"end":{"line":1219,"column":46}},"650":{"start":{"line":1220,"column":34},"end":{"line":1220,"column":50}},"651":{"start":{"line":1221,"column":31},"end":{"line":1221,"column":32}},"652":{"start":{"line":1222,"column":27},"end":{"line":1222,"column":28}},"653":{"start":{"line":1224,"column":12},"end":{"line":1226,"column":61}},"654":{"start":{"line":1225,"column":16},"end":{"line":1225,"column":149}},"655":{"start":{"line":1229,"column":8},"end":{"line":1243,"column":10}},"656":{"start":{"line":1230,"column":33},"end":{"line":1230,"column":37}},"657":{"start":{"line":1231,"column":27},"end":{"line":1231,"column":44}},"658":{"start":{"line":1232,"column":30},"end":{"line":1232,"column":33}},"659":{"start":{"line":1233,"column":36},"end":{"line":1233,"column":44}},"660":{"start":{"line":1234,"column":30},"end":{"line":1234,"column":42}},"661":{"start":{"line":1235,"column":39},"end":{"line":1235,"column":46}},"662":{"start":{"line":1236,"column":34},"end":{"line":1236,"column":50}},"663":{"start":{"line":1237,"column":31},"end":{"line":1237,"column":32}},"664":{"start":{"line":1238,"column":27},"end":{"line":1238,"column":28}},"665":{"start":{"line":1240,"column":12},"end":{"line":1242,"column":61}},"666":{"start":{"line":1241,"column":16},"end":{"line":1241,"column":149}},"667":{"start":{"line":1245,"column":8},"end":{"line":1259,"column":10}},"668":{"start":{"line":1246,"column":33},"end":{"line":1246,"column":39}},"669":{"start":{"line":1247,"column":27},"end":{"line":1247,"column":44}},"670":{"start":{"line":1248,"column":30},"end":{"line":1248,"column":34}},"671":{"start":{"line":1249,"column":36},"end":{"line":1249,"column":44}},"672":{"start":{"line":1250,"column":30},"end":{"line":1250,"column":42}},"673":{"start":{"line":1251,"column":39},"end":{"line":1251,"column":46}},"674":{"start":{"line":1252,"column":34},"end":{"line":1252,"column":50}},"675":{"start":{"line":1253,"column":31},"end":{"line":1253,"column":32}},"676":{"start":{"line":1254,"column":27},"end":{"line":1254,"column":28}},"677":{"start":{"line":1256,"column":12},"end":{"line":1258,"column":61}},"678":{"start":{"line":1257,"column":16},"end":{"line":1257,"column":149}},"679":{"start":{"line":1261,"column":8},"end":{"line":1275,"column":10}},"680":{"start":{"line":1262,"column":33},"end":{"line":1262,"column":44}},"681":{"start":{"line":1263,"column":27},"end":{"line":1263,"column":44}},"682":{"start":{"line":1264,"column":30},"end":{"line":1264,"column":32}},"683":{"start":{"line":1265,"column":36},"end":{"line":1265,"column":44}},"684":{"start":{"line":1266,"column":30},"end":{"line":1266,"column":42}},"685":{"start":{"line":1267,"column":39},"end":{"line":1267,"column":46}},"686":{"start":{"line":1268,"column":34},"end":{"line":1268,"column":50}},"687":{"start":{"line":1269,"column":31},"end":{"line":1269,"column":32}},"688":{"start":{"line":1270,"column":27},"end":{"line":1270,"column":28}},"689":{"start":{"line":1272,"column":12},"end":{"line":1274,"column":61}},"690":{"start":{"line":1273,"column":16},"end":{"line":1273,"column":149}},"691":{"start":{"line":1277,"column":8},"end":{"line":1291,"column":10}},"692":{"start":{"line":1278,"column":33},"end":{"line":1278,"column":42}},"693":{"start":{"line":1279,"column":27},"end":{"line":1279,"column":44}},"694":{"start":{"line":1280,"column":30},"end":{"line":1280,"column":32}},"695":{"start":{"line":1281,"column":36},"end":{"line":1281,"column":44}},"696":{"start":{"line":1282,"column":30},"end":{"line":1282,"column":42}},"697":{"start":{"line":1283,"column":39},"end":{"line":1283,"column":46}},"698":{"start":{"line":1284,"column":34},"end":{"line":1284,"column":50}},"699":{"start":{"line":1285,"column":31},"end":{"line":1285,"column":32}},"700":{"start":{"line":1286,"column":27},"end":{"line":1286,"column":28}},"701":{"start":{"line":1288,"column":12},"end":{"line":1290,"column":61}},"702":{"start":{"line":1289,"column":16},"end":{"line":1289,"column":149}},"703":{"start":{"line":1293,"column":8},"end":{"line":1307,"column":10}},"704":{"start":{"line":1294,"column":33},"end":{"line":1294,"column":41}},"705":{"start":{"line":1295,"column":27},"end":{"line":1295,"column":44}},"706":{"start":{"line":1296,"column":30},"end":{"line":1296,"column":32}},"707":{"start":{"line":1297,"column":36},"end":{"line":1297,"column":44}},"708":{"start":{"line":1298,"column":30},"end":{"line":1298,"column":42}},"709":{"start":{"line":1299,"column":39},"end":{"line":1299,"column":46}},"710":{"start":{"line":1300,"column":34},"end":{"line":1300,"column":50}},"711":{"start":{"line":1301,"column":31},"end":{"line":1301,"column":32}},"712":{"start":{"line":1302,"column":27},"end":{"line":1302,"column":28}},"713":{"start":{"line":1304,"column":12},"end":{"line":1306,"column":51}},"714":{"start":{"line":1305,"column":16},"end":{"line":1305,"column":149}},"715":{"start":{"line":1409,"column":8},"end":{"line":1423,"column":10}},"716":{"start":{"line":1410,"column":33},"end":{"line":1410,"column":44}},"717":{"start":{"line":1411,"column":27},"end":{"line":1411,"column":44}},"718":{"start":{"line":1412,"column":30},"end":{"line":1412,"column":37}},"719":{"start":{"line":1413,"column":36},"end":{"line":1413,"column":44}},"720":{"start":{"line":1414,"column":30},"end":{"line":1414,"column":41}},"721":{"start":{"line":1415,"column":39},"end":{"line":1415,"column":48}},"722":{"start":{"line":1416,"column":34},"end":{"line":1416,"column":50}},"723":{"start":{"line":1417,"column":31},"end":{"line":1417,"column":32}},"724":{"start":{"line":1418,"column":27},"end":{"line":1418,"column":28}},"725":{"start":{"line":1420,"column":12},"end":{"line":1422,"column":70}},"726":{"start":{"line":1421,"column":16},"end":{"line":1421,"column":149}},"727":{"start":{"line":1425,"column":8},"end":{"line":1439,"column":10}},"728":{"start":{"line":1426,"column":33},"end":{"line":1426,"column":38}},"729":{"start":{"line":1427,"column":27},"end":{"line":1427,"column":44}},"730":{"start":{"line":1428,"column":30},"end":{"line":1428,"column":37}},"731":{"start":{"line":1429,"column":36},"end":{"line":1429,"column":44}},"732":{"start":{"line":1430,"column":30},"end":{"line":1430,"column":35}},"733":{"start":{"line":1431,"column":39},"end":{"line":1431,"column":42}},"734":{"start":{"line":1432,"column":34},"end":{"line":1432,"column":50}},"735":{"start":{"line":1433,"column":31},"end":{"line":1433,"column":32}},"736":{"start":{"line":1434,"column":27},"end":{"line":1434,"column":28}},"737":{"start":{"line":1436,"column":12},"end":{"line":1438,"column":70}},"738":{"start":{"line":1437,"column":16},"end":{"line":1437,"column":149}},"739":{"start":{"line":1441,"column":8},"end":{"line":1455,"column":10}},"740":{"start":{"line":1442,"column":33},"end":{"line":1442,"column":39}},"741":{"start":{"line":1443,"column":27},"end":{"line":1443,"column":44}},"742":{"start":{"line":1444,"column":30},"end":{"line":1444,"column":37}},"743":{"start":{"line":1445,"column":36},"end":{"line":1445,"column":44}},"744":{"start":{"line":1446,"column":30},"end":{"line":1446,"column":36}},"745":{"start":{"line":1447,"column":39},"end":{"line":1447,"column":43}},"746":{"start":{"line":1448,"column":34},"end":{"line":1448,"column":50}},"747":{"start":{"line":1449,"column":31},"end":{"line":1449,"column":32}},"748":{"start":{"line":1450,"column":27},"end":{"line":1450,"column":28}},"749":{"start":{"line":1452,"column":12},"end":{"line":1454,"column":70}},"750":{"start":{"line":1453,"column":16},"end":{"line":1453,"column":149}},"751":{"start":{"line":1457,"column":8},"end":{"line":1471,"column":10}},"752":{"start":{"line":1458,"column":33},"end":{"line":1458,"column":37}},"753":{"start":{"line":1459,"column":27},"end":{"line":1459,"column":44}},"754":{"start":{"line":1460,"column":30},"end":{"line":1460,"column":37}},"755":{"start":{"line":1461,"column":36},"end":{"line":1461,"column":44}},"756":{"start":{"line":1462,"column":30},"end":{"line":1462,"column":34}},"757":{"start":{"line":1463,"column":39},"end":{"line":1463,"column":41}},"758":{"start":{"line":1464,"column":34},"end":{"line":1464,"column":50}},"759":{"start":{"line":1465,"column":31},"end":{"line":1465,"column":32}},"760":{"start":{"line":1466,"column":27},"end":{"line":1466,"column":28}},"761":{"start":{"line":1468,"column":12},"end":{"line":1470,"column":70}},"762":{"start":{"line":1469,"column":16},"end":{"line":1469,"column":149}},"763":{"start":{"line":1473,"column":8},"end":{"line":1487,"column":10}},"764":{"start":{"line":1474,"column":33},"end":{"line":1474,"column":37}},"765":{"start":{"line":1475,"column":27},"end":{"line":1475,"column":44}},"766":{"start":{"line":1476,"column":30},"end":{"line":1476,"column":37}},"767":{"start":{"line":1477,"column":36},"end":{"line":1477,"column":44}},"768":{"start":{"line":1478,"column":30},"end":{"line":1478,"column":34}},"769":{"start":{"line":1479,"column":39},"end":{"line":1479,"column":41}},"770":{"start":{"line":1480,"column":34},"end":{"line":1480,"column":50}},"771":{"start":{"line":1481,"column":31},"end":{"line":1481,"column":32}},"772":{"start":{"line":1482,"column":27},"end":{"line":1482,"column":28}},"773":{"start":{"line":1484,"column":12},"end":{"line":1486,"column":70}},"774":{"start":{"line":1485,"column":16},"end":{"line":1485,"column":149}},"775":{"start":{"line":1489,"column":8},"end":{"line":1503,"column":10}},"776":{"start":{"line":1490,"column":33},"end":{"line":1490,"column":44}},"777":{"start":{"line":1491,"column":27},"end":{"line":1491,"column":44}},"778":{"start":{"line":1492,"column":30},"end":{"line":1492,"column":37}},"779":{"start":{"line":1493,"column":36},"end":{"line":1493,"column":44}},"780":{"start":{"line":1494,"column":30},"end":{"line":1494,"column":38}},"781":{"start":{"line":1495,"column":39},"end":{"line":1495,"column":41}},"782":{"start":{"line":1496,"column":34},"end":{"line":1496,"column":50}},"783":{"start":{"line":1497,"column":31},"end":{"line":1497,"column":32}},"784":{"start":{"line":1498,"column":27},"end":{"line":1498,"column":28}},"785":{"start":{"line":1500,"column":12},"end":{"line":1502,"column":67}},"786":{"start":{"line":1501,"column":16},"end":{"line":1501,"column":149}},"787":{"start":{"line":1507,"column":8},"end":{"line":1521,"column":10}},"788":{"start":{"line":1508,"column":33},"end":{"line":1508,"column":44}},"789":{"start":{"line":1509,"column":27},"end":{"line":1509,"column":44}},"790":{"start":{"line":1510,"column":30},"end":{"line":1510,"column":37}},"791":{"start":{"line":1511,"column":36},"end":{"line":1511,"column":44}},"792":{"start":{"line":1512,"column":30},"end":{"line":1512,"column":41}},"793":{"start":{"line":1513,"column":39},"end":{"line":1513,"column":50}},"794":{"start":{"line":1514,"column":34},"end":{"line":1514,"column":43}},"795":{"start":{"line":1515,"column":31},"end":{"line":1515,"column":32}},"796":{"start":{"line":1516,"column":27},"end":{"line":1516,"column":28}},"797":{"start":{"line":1518,"column":12},"end":{"line":1520,"column":80}},"798":{"start":{"line":1519,"column":16},"end":{"line":1519,"column":149}},"799":{"start":{"line":1523,"column":8},"end":{"line":1537,"column":10}},"800":{"start":{"line":1524,"column":33},"end":{"line":1524,"column":38}},"801":{"start":{"line":1525,"column":27},"end":{"line":1525,"column":44}},"802":{"start":{"line":1526,"column":30},"end":{"line":1526,"column":37}},"803":{"start":{"line":1527,"column":36},"end":{"line":1527,"column":44}},"804":{"start":{"line":1528,"column":30},"end":{"line":1528,"column":35}},"805":{"start":{"line":1529,"column":39},"end":{"line":1529,"column":44}},"806":{"start":{"line":1530,"column":34},"end":{"line":1530,"column":37}},"807":{"start":{"line":1531,"column":31},"end":{"line":1531,"column":32}},"808":{"start":{"line":1532,"column":27},"end":{"line":1532,"column":28}},"809":{"start":{"line":1534,"column":12},"end":{"line":1536,"column":65}},"810":{"start":{"line":1535,"column":16},"end":{"line":1535,"column":149}},"811":{"start":{"line":1539,"column":8},"end":{"line":1553,"column":10}},"812":{"start":{"line":1540,"column":33},"end":{"line":1540,"column":39}},"813":{"start":{"line":1541,"column":27},"end":{"line":1541,"column":44}},"814":{"start":{"line":1542,"column":30},"end":{"line":1542,"column":37}},"815":{"start":{"line":1543,"column":36},"end":{"line":1543,"column":44}},"816":{"start":{"line":1544,"column":30},"end":{"line":1544,"column":36}},"817":{"start":{"line":1545,"column":39},"end":{"line":1545,"column":45}},"818":{"start":{"line":1546,"column":34},"end":{"line":1546,"column":38}},"819":{"start":{"line":1547,"column":31},"end":{"line":1547,"column":32}},"820":{"start":{"line":1548,"column":27},"end":{"line":1548,"column":28}},"821":{"start":{"line":1550,"column":12},"end":{"line":1552,"column":65}},"822":{"start":{"line":1551,"column":16},"end":{"line":1551,"column":149}},"823":{"start":{"line":1555,"column":8},"end":{"line":1569,"column":10}},"824":{"start":{"line":1556,"column":33},"end":{"line":1556,"column":37}},"825":{"start":{"line":1557,"column":27},"end":{"line":1557,"column":44}},"826":{"start":{"line":1558,"column":30},"end":{"line":1558,"column":37}},"827":{"start":{"line":1559,"column":36},"end":{"line":1559,"column":44}},"828":{"start":{"line":1560,"column":30},"end":{"line":1560,"column":34}},"829":{"start":{"line":1561,"column":39},"end":{"line":1561,"column":43}},"830":{"start":{"line":1562,"column":34},"end":{"line":1562,"column":36}},"831":{"start":{"line":1563,"column":31},"end":{"line":1563,"column":32}},"832":{"start":{"line":1564,"column":27},"end":{"line":1564,"column":28}},"833":{"start":{"line":1566,"column":12},"end":{"line":1568,"column":65}},"834":{"start":{"line":1567,"column":16},"end":{"line":1567,"column":149}},"835":{"start":{"line":1571,"column":8},"end":{"line":1585,"column":10}},"836":{"start":{"line":1572,"column":33},"end":{"line":1572,"column":37}},"837":{"start":{"line":1573,"column":27},"end":{"line":1573,"column":44}},"838":{"start":{"line":1574,"column":30},"end":{"line":1574,"column":37}},"839":{"start":{"line":1575,"column":36},"end":{"line":1575,"column":44}},"840":{"start":{"line":1576,"column":30},"end":{"line":1576,"column":34}},"841":{"start":{"line":1577,"column":39},"end":{"line":1577,"column":43}},"842":{"start":{"line":1578,"column":34},"end":{"line":1578,"column":42}},"843":{"start":{"line":1579,"column":31},"end":{"line":1579,"column":32}},"844":{"start":{"line":1580,"column":27},"end":{"line":1580,"column":28}},"845":{"start":{"line":1582,"column":12},"end":{"line":1584,"column":65}},"846":{"start":{"line":1583,"column":16},"end":{"line":1583,"column":149}},"847":{"start":{"line":1587,"column":8},"end":{"line":1601,"column":10}},"848":{"start":{"line":1588,"column":33},"end":{"line":1588,"column":44}},"849":{"start":{"line":1589,"column":27},"end":{"line":1589,"column":44}},"850":{"start":{"line":1590,"column":30},"end":{"line":1590,"column":37}},"851":{"start":{"line":1591,"column":36},"end":{"line":1591,"column":44}},"852":{"start":{"line":1592,"column":30},"end":{"line":1592,"column":38}},"853":{"start":{"line":1593,"column":39},"end":{"line":1593,"column":47}},"854":{"start":{"line":1594,"column":34},"end":{"line":1594,"column":36}},"855":{"start":{"line":1595,"column":31},"end":{"line":1595,"column":32}},"856":{"start":{"line":1596,"column":27},"end":{"line":1596,"column":28}},"857":{"start":{"line":1598,"column":12},"end":{"line":1600,"column":65}},"858":{"start":{"line":1599,"column":16},"end":{"line":1599,"column":149}},"859":{"start":{"line":1605,"column":8},"end":{"line":1619,"column":10}},"860":{"start":{"line":1606,"column":33},"end":{"line":1606,"column":44}},"861":{"start":{"line":1607,"column":27},"end":{"line":1607,"column":44}},"862":{"start":{"line":1608,"column":30},"end":{"line":1608,"column":37}},"863":{"start":{"line":1609,"column":36},"end":{"line":1609,"column":44}},"864":{"start":{"line":1610,"column":30},"end":{"line":1610,"column":41}},"865":{"start":{"line":1611,"column":39},"end":{"line":1611,"column":50}},"866":{"start":{"line":1612,"column":34},"end":{"line":1612,"column":50}},"867":{"start":{"line":1613,"column":31},"end":{"line":1613,"column":40}},"868":{"start":{"line":1614,"column":27},"end":{"line":1614,"column":28}},"869":{"start":{"line":1616,"column":12},"end":{"line":1618,"column":62}},"870":{"start":{"line":1617,"column":16},"end":{"line":1617,"column":149}},"871":{"start":{"line":1621,"column":8},"end":{"line":1635,"column":10}},"872":{"start":{"line":1622,"column":33},"end":{"line":1622,"column":38}},"873":{"start":{"line":1623,"column":27},"end":{"line":1623,"column":44}},"874":{"start":{"line":1624,"column":30},"end":{"line":1624,"column":37}},"875":{"start":{"line":1625,"column":36},"end":{"line":1625,"column":44}},"876":{"start":{"line":1626,"column":30},"end":{"line":1626,"column":35}},"877":{"start":{"line":1627,"column":39},"end":{"line":1627,"column":44}},"878":{"start":{"line":1628,"column":34},"end":{"line":1628,"column":50}},"879":{"start":{"line":1629,"column":31},"end":{"line":1629,"column":41}},"880":{"start":{"line":1630,"column":27},"end":{"line":1630,"column":28}},"881":{"start":{"line":1632,"column":12},"end":{"line":1634,"column":62}},"882":{"start":{"line":1633,"column":16},"end":{"line":1633,"column":149}},"883":{"start":{"line":1637,"column":8},"end":{"line":1651,"column":10}},"884":{"start":{"line":1638,"column":33},"end":{"line":1638,"column":39}},"885":{"start":{"line":1639,"column":27},"end":{"line":1639,"column":44}},"886":{"start":{"line":1640,"column":30},"end":{"line":1640,"column":37}},"887":{"start":{"line":1641,"column":36},"end":{"line":1641,"column":44}},"888":{"start":{"line":1642,"column":30},"end":{"line":1642,"column":36}},"889":{"start":{"line":1643,"column":39},"end":{"line":1643,"column":45}},"890":{"start":{"line":1644,"column":34},"end":{"line":1644,"column":50}},"891":{"start":{"line":1645,"column":31},"end":{"line":1645,"column":35}},"892":{"start":{"line":1646,"column":27},"end":{"line":1646,"column":28}},"893":{"start":{"line":1648,"column":12},"end":{"line":1650,"column":62}},"894":{"start":{"line":1649,"column":16},"end":{"line":1649,"column":149}},"895":{"start":{"line":1653,"column":8},"end":{"line":1667,"column":10}},"896":{"start":{"line":1654,"column":33},"end":{"line":1654,"column":37}},"897":{"start":{"line":1655,"column":27},"end":{"line":1655,"column":44}},"898":{"start":{"line":1656,"column":30},"end":{"line":1656,"column":37}},"899":{"start":{"line":1657,"column":36},"end":{"line":1657,"column":44}},"900":{"start":{"line":1658,"column":30},"end":{"line":1658,"column":34}},"901":{"start":{"line":1659,"column":39},"end":{"line":1659,"column":43}},"902":{"start":{"line":1660,"column":34},"end":{"line":1660,"column":50}},"903":{"start":{"line":1661,"column":31},"end":{"line":1661,"column":33}},"904":{"start":{"line":1662,"column":27},"end":{"line":1662,"column":28}},"905":{"start":{"line":1664,"column":12},"end":{"line":1666,"column":62}},"906":{"start":{"line":1665,"column":16},"end":{"line":1665,"column":149}},"907":{"start":{"line":1669,"column":8},"end":{"line":1683,"column":10}},"908":{"start":{"line":1670,"column":33},"end":{"line":1670,"column":37}},"909":{"start":{"line":1671,"column":27},"end":{"line":1671,"column":44}},"910":{"start":{"line":1672,"column":30},"end":{"line":1672,"column":37}},"911":{"start":{"line":1673,"column":36},"end":{"line":1673,"column":44}},"912":{"start":{"line":1674,"column":30},"end":{"line":1674,"column":34}},"913":{"start":{"line":1675,"column":39},"end":{"line":1675,"column":43}},"914":{"start":{"line":1676,"column":34},"end":{"line":1676,"column":50}},"915":{"start":{"line":1677,"column":31},"end":{"line":1677,"column":33}},"916":{"start":{"line":1678,"column":27},"end":{"line":1678,"column":28}},"917":{"start":{"line":1680,"column":12},"end":{"line":1682,"column":62}},"918":{"start":{"line":1681,"column":16},"end":{"line":1681,"column":149}},"919":{"start":{"line":1685,"column":8},"end":{"line":1699,"column":10}},"920":{"start":{"line":1686,"column":33},"end":{"line":1686,"column":44}},"921":{"start":{"line":1687,"column":27},"end":{"line":1687,"column":44}},"922":{"start":{"line":1688,"column":30},"end":{"line":1688,"column":37}},"923":{"start":{"line":1689,"column":36},"end":{"line":1689,"column":44}},"924":{"start":{"line":1690,"column":30},"end":{"line":1690,"column":38}},"925":{"start":{"line":1691,"column":39},"end":{"line":1691,"column":47}},"926":{"start":{"line":1692,"column":34},"end":{"line":1692,"column":50}},"927":{"start":{"line":1693,"column":31},"end":{"line":1693,"column":33}},"928":{"start":{"line":1694,"column":27},"end":{"line":1694,"column":28}},"929":{"start":{"line":1696,"column":12},"end":{"line":1698,"column":62}},"930":{"start":{"line":1697,"column":16},"end":{"line":1697,"column":149}},"931":{"start":{"line":1703,"column":8},"end":{"line":1717,"column":10}},"932":{"start":{"line":1704,"column":33},"end":{"line":1704,"column":44}},"933":{"start":{"line":1705,"column":27},"end":{"line":1705,"column":44}},"934":{"start":{"line":1706,"column":30},"end":{"line":1706,"column":37}},"935":{"start":{"line":1707,"column":36},"end":{"line":1707,"column":44}},"936":{"start":{"line":1708,"column":30},"end":{"line":1708,"column":41}},"937":{"start":{"line":1709,"column":39},"end":{"line":1709,"column":50}},"938":{"start":{"line":1710,"column":34},"end":{"line":1710,"column":50}},"939":{"start":{"line":1711,"column":31},"end":{"line":1711,"column":32}},"940":{"start":{"line":1712,"column":27},"end":{"line":1712,"column":36}},"941":{"start":{"line":1714,"column":12},"end":{"line":1716,"column":58}},"942":{"start":{"line":1715,"column":16},"end":{"line":1715,"column":149}},"943":{"start":{"line":1719,"column":8},"end":{"line":1733,"column":10}},"944":{"start":{"line":1720,"column":33},"end":{"line":1720,"column":38}},"945":{"start":{"line":1721,"column":27},"end":{"line":1721,"column":44}},"946":{"start":{"line":1722,"column":30},"end":{"line":1722,"column":37}},"947":{"start":{"line":1723,"column":36},"end":{"line":1723,"column":44}},"948":{"start":{"line":1724,"column":30},"end":{"line":1724,"column":35}},"949":{"start":{"line":1725,"column":39},"end":{"line":1725,"column":44}},"950":{"start":{"line":1726,"column":34},"end":{"line":1726,"column":50}},"951":{"start":{"line":1727,"column":31},"end":{"line":1727,"column":32}},"952":{"start":{"line":1728,"column":27},"end":{"line":1728,"column":36}},"953":{"start":{"line":1730,"column":12},"end":{"line":1732,"column":58}},"954":{"start":{"line":1731,"column":16},"end":{"line":1731,"column":149}},"955":{"start":{"line":1735,"column":8},"end":{"line":1749,"column":10}},"956":{"start":{"line":1736,"column":33},"end":{"line":1736,"column":39}},"957":{"start":{"line":1737,"column":27},"end":{"line":1737,"column":44}},"958":{"start":{"line":1738,"column":30},"end":{"line":1738,"column":37}},"959":{"start":{"line":1739,"column":36},"end":{"line":1739,"column":44}},"960":{"start":{"line":1740,"column":30},"end":{"line":1740,"column":36}},"961":{"start":{"line":1741,"column":39},"end":{"line":1741,"column":45}},"962":{"start":{"line":1742,"column":34},"end":{"line":1742,"column":50}},"963":{"start":{"line":1743,"column":31},"end":{"line":1743,"column":32}},"964":{"start":{"line":1744,"column":27},"end":{"line":1744,"column":31}},"965":{"start":{"line":1746,"column":12},"end":{"line":1748,"column":58}},"966":{"start":{"line":1747,"column":16},"end":{"line":1747,"column":149}},"967":{"start":{"line":1751,"column":8},"end":{"line":1765,"column":10}},"968":{"start":{"line":1752,"column":33},"end":{"line":1752,"column":37}},"969":{"start":{"line":1753,"column":27},"end":{"line":1753,"column":44}},"970":{"start":{"line":1754,"column":30},"end":{"line":1754,"column":37}},"971":{"start":{"line":1755,"column":36},"end":{"line":1755,"column":44}},"972":{"start":{"line":1756,"column":30},"end":{"line":1756,"column":34}},"973":{"start":{"line":1757,"column":39},"end":{"line":1757,"column":43}},"974":{"start":{"line":1758,"column":34},"end":{"line":1758,"column":50}},"975":{"start":{"line":1759,"column":31},"end":{"line":1759,"column":32}},"976":{"start":{"line":1760,"column":27},"end":{"line":1760,"column":29}},"977":{"start":{"line":1762,"column":12},"end":{"line":1764,"column":58}},"978":{"start":{"line":1763,"column":16},"end":{"line":1763,"column":149}},"979":{"start":{"line":1767,"column":8},"end":{"line":1781,"column":10}},"980":{"start":{"line":1768,"column":33},"end":{"line":1768,"column":37}},"981":{"start":{"line":1769,"column":27},"end":{"line":1769,"column":44}},"982":{"start":{"line":1770,"column":30},"end":{"line":1770,"column":37}},"983":{"start":{"line":1771,"column":36},"end":{"line":1771,"column":44}},"984":{"start":{"line":1772,"column":30},"end":{"line":1772,"column":34}},"985":{"start":{"line":1773,"column":39},"end":{"line":1773,"column":43}},"986":{"start":{"line":1774,"column":34},"end":{"line":1774,"column":50}},"987":{"start":{"line":1775,"column":31},"end":{"line":1775,"column":32}},"988":{"start":{"line":1776,"column":27},"end":{"line":1776,"column":29}},"989":{"start":{"line":1778,"column":12},"end":{"line":1780,"column":58}},"990":{"start":{"line":1779,"column":16},"end":{"line":1779,"column":149}},"991":{"start":{"line":1783,"column":8},"end":{"line":1797,"column":10}},"992":{"start":{"line":1784,"column":33},"end":{"line":1784,"column":44}},"993":{"start":{"line":1785,"column":27},"end":{"line":1785,"column":44}},"994":{"start":{"line":1786,"column":30},"end":{"line":1786,"column":37}},"995":{"start":{"line":1787,"column":36},"end":{"line":1787,"column":44}},"996":{"start":{"line":1788,"column":30},"end":{"line":1788,"column":38}},"997":{"start":{"line":1789,"column":39},"end":{"line":1789,"column":47}},"998":{"start":{"line":1790,"column":34},"end":{"line":1790,"column":50}},"999":{"start":{"line":1791,"column":31},"end":{"line":1791,"column":32}},"1000":{"start":{"line":1792,"column":27},"end":{"line":1792,"column":29}},"1001":{"start":{"line":1794,"column":12},"end":{"line":1796,"column":58}},"1002":{"start":{"line":1795,"column":16},"end":{"line":1795,"column":149}},"1003":{"start":{"line":1800,"column":4},"end":{"line":1949,"column":6}},"1004":{"start":{"line":1801,"column":21},"end":{"line":1801,"column":29}},"1005":{"start":{"line":1802,"column":24},"end":{"line":1802,"column":31}},"1006":{"start":{"line":1803,"column":22},"end":{"line":1803,"column":61}},"1007":{"start":{"line":1804,"column":25},"end":{"line":1804,"column":48}},"1008":{"start":{"line":1805,"column":25},"end":{"line":1805,"column":47}},"1009":{"start":{"line":1806,"column":22},"end":{"line":1806,"column":26}},"1010":{"start":{"line":1808,"column":29},"end":{"line":1808,"column":45}},"1011":{"start":{"line":1809,"column":26},"end":{"line":1809,"column":33}},"1012":{"start":{"line":1810,"column":26},"end":{"line":1810,"column":38}},"1013":{"start":{"line":1811,"column":32},"end":{"line":1811,"column":40}},"1014":{"start":{"line":1812,"column":35},"end":{"line":1812,"column":42}},"1015":{"start":{"line":1813,"column":30},"end":{"line":1813,"column":46}},"1016":{"start":{"line":1814,"column":27},"end":{"line":1814,"column":28}},"1017":{"start":{"line":1815,"column":23},"end":{"line":1815,"column":24}},"1018":{"start":{"line":1816,"column":31},"end":{"line":1816,"column":37}},"1019":{"start":{"line":1818,"column":8},"end":{"line":1840,"column":10}},"1020":{"start":{"line":1821,"column":12},"end":{"line":1839,"column":18}},"1021":{"start":{"line":1822,"column":30},"end":{"line":1822,"column":101}},"1022":{"start":{"line":1824,"column":20},"end":{"line":1838,"column":26}},"1023":{"start":{"line":1825,"column":39},"end":{"line":1825,"column":66}},"1024":{"start":{"line":1826,"column":36},"end":{"line":1826,"column":209}},"1025":{"start":{"line":1827,"column":40},"end":{"line":1827,"column":52}},"1026":{"start":{"line":1828,"column":36},"end":{"line":1828,"column":68}},"1027":{"start":{"line":1830,"column":28},"end":{"line":1830,"column":73}},"1028":{"start":{"line":1831,"column":28},"end":{"line":1831,"column":67}},"1029":{"start":{"line":1832,"column":28},"end":{"line":1832,"column":79}},"1030":{"start":{"line":1833,"column":28},"end":{"line":1833,"column":85}},"1031":{"start":{"line":1834,"column":28},"end":{"line":1834,"column":81}},"1032":{"start":{"line":1835,"column":28},"end":{"line":1835,"column":81}},"1033":{"start":{"line":1836,"column":28},"end":{"line":1836,"column":69}},"1034":{"start":{"line":1837,"column":28},"end":{"line":1837,"column":61}},"1035":{"start":{"line":1842,"column":8},"end":{"line":1849,"column":10}},"1036":{"start":{"line":1843,"column":28},"end":{"line":1843,"column":37}},"1037":{"start":{"line":1844,"column":27},"end":{"line":1844,"column":46}},"1038":{"start":{"line":1846,"column":12},"end":{"line":1848,"column":59}},"1039":{"start":{"line":1847,"column":16},"end":{"line":1847,"column":48}},"1040":{"start":{"line":1851,"column":8},"end":{"line":1858,"column":10}},"1041":{"start":{"line":1852,"column":28},"end":{"line":1852,"column":31}},"1042":{"start":{"line":1853,"column":27},"end":{"line":1853,"column":46}},"1043":{"start":{"line":1855,"column":12},"end":{"line":1857,"column":59}},"1044":{"start":{"line":1856,"column":16},"end":{"line":1856,"column":48}},"1045":{"start":{"line":1860,"column":8},"end":{"line":1867,"column":10}},"1046":{"start":{"line":1861,"column":28},"end":{"line":1861,"column":32}},"1047":{"start":{"line":1862,"column":27},"end":{"line":1862,"column":46}},"1048":{"start":{"line":1864,"column":12},"end":{"line":1866,"column":59}},"1049":{"start":{"line":1865,"column":16},"end":{"line":1865,"column":48}},"1050":{"start":{"line":1869,"column":8},"end":{"line":1876,"column":10}},"1051":{"start":{"line":1870,"column":28},"end":{"line":1870,"column":30}},"1052":{"start":{"line":1871,"column":27},"end":{"line":1871,"column":46}},"1053":{"start":{"line":1873,"column":12},"end":{"line":1875,"column":59}},"1054":{"start":{"line":1874,"column":16},"end":{"line":1874,"column":48}},"1055":{"start":{"line":1878,"column":8},"end":{"line":1885,"column":10}},"1056":{"start":{"line":1879,"column":28},"end":{"line":1879,"column":30}},"1057":{"start":{"line":1880,"column":27},"end":{"line":1880,"column":46}},"1058":{"start":{"line":1882,"column":12},"end":{"line":1884,"column":59}},"1059":{"start":{"line":1883,"column":16},"end":{"line":1883,"column":48}},"1060":{"start":{"line":1887,"column":8},"end":{"line":1894,"column":10}},"1061":{"start":{"line":1888,"column":28},"end":{"line":1888,"column":30}},"1062":{"start":{"line":1889,"column":27},"end":{"line":1889,"column":46}},"1063":{"start":{"line":1891,"column":12},"end":{"line":1893,"column":49}},"1064":{"start":{"line":1892,"column":16},"end":{"line":1892,"column":48}},"1065":{"start":{"line":1896,"column":8},"end":{"line":1903,"column":10}},"1066":{"start":{"line":1897,"column":28},"end":{"line":1897,"column":39}},"1067":{"start":{"line":1898,"column":27},"end":{"line":1898,"column":36}},"1068":{"start":{"line":1900,"column":12},"end":{"line":1902,"column":58}},"1069":{"start":{"line":1901,"column":16},"end":{"line":1901,"column":48}},"1070":{"start":{"line":1905,"column":8},"end":{"line":1912,"column":10}},"1071":{"start":{"line":1906,"column":28},"end":{"line":1906,"column":33}},"1072":{"start":{"line":1907,"column":27},"end":{"line":1907,"column":30}},"1073":{"start":{"line":1909,"column":12},"end":{"line":1911,"column":58}},"1074":{"start":{"line":1910,"column":16},"end":{"line":1910,"column":48}},"1075":{"start":{"line":1914,"column":8},"end":{"line":1921,"column":10}},"1076":{"start":{"line":1915,"column":28},"end":{"line":1915,"column":34}},"1077":{"start":{"line":1916,"column":27},"end":{"line":1916,"column":31}},"1078":{"start":{"line":1918,"column":12},"end":{"line":1920,"column":58}},"1079":{"start":{"line":1919,"column":16},"end":{"line":1919,"column":48}},"1080":{"start":{"line":1923,"column":8},"end":{"line":1930,"column":10}},"1
[...]
":{"line":755,"column":108}},{"start":{"line":754,"column":12},"end":{"line":755,"column":108}}],"line":754},"151":{"loc":{"start":{"line":758,"column":12},"end":{"line":759,"column":139}},"type":"if","locations":[{"start":{"line":758,"column":12},"end":{"line":759,"column":139}},{"start":{"line":758,"column":12},"end":{"line":759,"column":139}}],"line":758},"152":{"loc":{"start":{"line":759,"column":52},"end":{"line":759,"column":138}},"type":"binary-expr","locations":[{"start":{"line":759,"column":52},"end":{"line":759,"column":93}},{"start":{"line":759,"column":97},"end":{"line":759,"column":138}}],"line":759},"153":{"loc":{"start":{"line":762,"column":12},"end":{"line":763,"column":83}},"type":"if","locations":[{"start":{"line":762,"column":12},"end":{"line":763,"column":83}},{"start":{"line":762,"column":12},"end":{"line":763,"column":83}}],"line":762},"154":{"loc":{"start":{"line":766,"column":12},"end":{"line":767,"column":135}},"type":"if","locations":[{"start":{"line":766,"column":12},"end":{"line":767,"column":135}},{"start":{"line":766,"column":12},"end":{"line":767,"column":135}}],"line":766},"155":{"loc":{"start":{"line":767,"column":52},"end":{"line":767,"column":134}},"type":"binary-expr","locations":[{"start":{"line":767,"column":52},"end":{"line":767,"column":91}},{"start":{"line":767,"column":95},"end":{"line":767,"column":134}}],"line":767},"156":{"loc":{"start":{"line":769,"column":12},"end":{"line":770,"column":299}},"type":"if","locations":[{"start":{"line":769,"column":12},"end":{"line":770,"column":299}},{"start":{"line":769,"column":12},"end":{"line":770,"column":299}}],"line":769},"157":{"loc":{"start":{"line":770,"column":52},"end":{"line":770,"column":298}},"type":"binary-expr","locations":[{"start":{"line":770,"column":52},"end":{"line":770,"column":128}},{"start":{"line":770,"column":132},"end":{"line":770,"column":210}},{"start":{"line":770,"column":214},"end":{"line":770,"column":298}}],"line":770}},"s":{"0":1,"1":1,"2":1,"3":1,"4":1,"5":32,"6":5,"7":27,"8":1,"9":26,"10":5,"11":21,"12":1,"13":20,"14":5,"15":15,"16":1,"17":14,"18":5,"19":9,"20":1,"21":8,"22":5,"23":3,"24":1,"25":2,"26":0,"27":2,"28":0,"29":2,"30":0,"31":2,"32":2,"33":2,"34":0,"35":2,"36":2,"37":0,"38":2,"39":2,"40":2,"41":0,"42":0,"43":0,"44":0,"45":0,"46":0,"47":0,"48":0,"49":0,"50":0,"51":0,"52":0,"53":0,"54":0,"55":0,"56":0,"57":0,"58":0,"59":0,"60":0,"61":0,"62":0,"63":0,"64":0,"65":0,"66":0,"67":7,"68":5,"69":2,"70":1,"71":1,"72":1,"73":1,"74":0,"75":1,"76":1,"77":1,"78":0,"79":0,"80":0,"81":0,"82":0,"83":0,"84":0,"85":0,"86":0,"87":0,"88":0,"89":0,"90":0,"91":0,"92":0,"93":0,"94":0,"95":0,"96":0,"97":0,"98":0,"99":0,"100":0,"101":0,"102":0,"103":0,"104":0,"105":0,"106":0,"107":1,"108":0,"109":1,"110":0,"111":1,"112":0,"113":1,"114":0,"115":1,"116":1,"117":1,"118":0,"119":1,"120":1,"121":1,"122":43,"123":5,"124":38,"125":1,"126":37,"127":5,"128":32,"129":1,"130":31,"131":5,"132":26,"133":1,"134":25,"135":0,"136":25,"137":0,"138":25,"139":5,"140":20,"141":1,"142":19,"143":5,"144":13,"145":6,"146":7,"147":6,"148":1,"149":0,"150":1,"151":0,"152":1,"153":1,"154":0,"155":1,"156":1,"157":0,"158":0,"159":1,"160":1,"161":1,"162":1,"163":1,"164":1,"165":1,"166":1,"167":1,"168":13,"169":5,"170":8,"171":1,"172":7,"173":5,"174":2,"175":1,"176":1,"177":1,"178":1,"179":0,"180":1,"181":1,"182":1,"183":1,"184":0,"185":1,"186":1,"187":1,"188":1,"189":1,"190":0,"191":1,"192":1,"193":0,"194":1,"195":1,"196":1,"197":1,"198":1,"199":25,"200":10,"201":15,"202":2,"203":13,"204":13,"205":1,"206":1,"207":1,"208":1,"209":1,"210":1,"211":12,"212":5,"213":7,"214":1,"215":6,"216":5,"217":1,"218":1,"219":0,"220":0,"221":0,"222":0,"223":0,"224":0,"225":0,"226":0,"227":0,"228":0,"229":0,"230":12,"231":5,"232":7,"233":1,"234":6,"235":6,"236":0,"237":0,"238":0,"239":0,"240":0,"241":0,"242":0,"243":0,"244":0,"245":0,"246":0,"247":0,"248":0,"249":0,"250":0,"251":0,"252":0,"253":0,"254":0,"255":0,"256":0,"257":0,"258":0,"259":0,"260":0,"261":21,"262":5,"263":16,"264":1,"265":15,"266":5,"267":10,"268":1,"269":9,"270":5,"271":4,"272":1,"273":3,"274":3,"275":3,"276":3,"277":3,"278":3,"279":3,"280":3,"281":3,"282":3,"283":3,"284":13,"285":5,"286":8,"287":1,"288":7,"289":5,"290":2,"291":1,"292":1,"293":1,"294":1,"295":0,"296":1,"297":1,"298":1,"299":1,"300":0,"301":1,"302":1,"303":1,"304":1,"305":1,"306":1,"307":1,"308":0,"309":1,"310":1,"311":1,"312":1,"313":1,"314":1,"315":7,"316":5,"317":2,"318":1,"319":1,"320":1,"321":1,"322":1,"323":1,"324":1,"325":1,"326":1,"327":0,"328":0,"329":0,"330":0,"331":0,"332":0,"333":0,"334":1,"335":0,"336":0,"337":0,"338":0,"339":0,"340":0,"341":0,"342":0,"343":0,"344":0,"345":0,"346":0,"347":0,"348":0,"349":0,"350":0,"351":0,"352":0,"353":0,"354":0,"355":0,"356":0,"357":12,"358":5,"359":7,"360":1,"361":6,"362":5,"363":1,"364":1,"365":0,"366":0,"367":0,"368":0,"369":0,"370":0,"371":0,"372":0,"373":12,"374":5,"375":7,"376":1,"377":6,"378":5,"379":1,"380":1,"381":0,"382":0,"383":0,"384":0,"385":0,"386":0,"387":0,"388":0,"389":0,"390":0,"391":0,"392":0,"393":0,"394":0,"395":0,"396":0,"397":0,"398":0,"399":0,"400":0,"401":0,"402":0,"403":0,"404":0,"405":0,"406":0,"407":0,"408":0,"409":0,"410":0,"411":0,"412":0,"413":0,"414":0,"415":0,"416":0,"417":0,"418":0,"419":0,"420":0,"421":0,"422":0,"423":0,"424":0,"425":0,"426":0,"427":0,"428":0,"429":0,"430":0,"431":0,"432":0,"433":0,"434":0,"435":0,"436":0,"437":0,"438":0,"439":0,"440":0,"441":0,"442":0,"443":0,"444":0,"445":0,"446":0,"447":0,"448":0,"449":0,"450":0,"451":0,"452":0,"453":0,"454":0,"455":0,"456":0,"457":0,"458":0,"459":0,"460":0,"461":0,"462":0,"463":0,"464":0,"465":0,"466":0,"467":0,"468":0,"469":0,"470":0,"471":0,"472":0,"473":0,"474":0,"475":0,"476":0,"477":0,"478":0,"479":1},"f":{"0":32,"1":2,"2":0,"3":0,"4":7,"5":1,"6":0,"7":0,"8":1,"9":1,"10":43,"11":1,"12":13,"13":1,"14":1,"15":0,"16":25,"17":13,"18":1,"19":12,"20":0,"21":0,"22":12,"23":0,"24":0,"25":21,"26":3,"27":13,"28":1,"29":1,"30":1,"31":7,"32":1,"33":1,"34":0,"35":0,"36":12,"37":0,"38":0,"39":12,"40":0,"41":0,"42":0,"43":0,"44":0,"45":0,"46":0,"47":0,"48":0,"49":0,"50":0,"51":0,"52":0,"53":0,"54":0,"55":0,"56":0,"57":0},"b":{"0":[5,27],"1":[1,26],"2":[5,21],"3":[1,20],"4":[5,15],"5":[1,14],"6":[5,9],"7":[1,8],"8":[5,3],"9":[1,2],"10":[0,2],"11":[0,2],"12":[0,2],"13":[0,2],"14":[0,2],"15":[0,0],"16":[0,0],"17":[0,0],"18":[0,0],"19":[0,0],"20":[0,0],"21":[0,0],"22":[0,0],"23":[0,0],"24":[5,2],"25":[1,1],"26":[0,1],"27":[0,0],"28":[0,0],"29":[0,0],"30":[0,0],"31":[0,0],"32":[0,0],"33":[0,0],"34":[0,0],"35":[0,0],"36":[0,0],"37":[0,0],"38":[0,1],"39":[0,1],"40":[0,1],"41":[0,1],"42":[0,1],"43":[5,38],"44":[1,37],"45":[5,32],"46":[1,31],"47":[5,26],"48":[1,25],"49":[0,25],"50":[0,25],"51":[5,20],"52":[1,19],"53":[5,13],"54":[6,7],"55":[6,1],"56":[0,1],"57":[0,1],"58":[0,1],"59":[1,1,0],"60":[0,1],"61":[0,0],"62":[0,0],"63":[0],"64":[0],"65":[5,8],"66":[1,7],"67":[5,2],"68":[1,1],"69":[0,1],"70":[0],"71":[0,1],"72":[0],"73":[1,0],"74":[10,15],"75":[2,13],"76":[5,7],"77":[1,6],"78":[5,1],"79":[1,0],"80":[0,0],"81":[0,0],"82":[5,7],"83":[1,6],"84":[6,0],"85":[0,0],"86":[0,0],"87":[5,16],"88":[1,15],"89":[5,10],"90":[1,9],"91":[5,4],"92":[1,3],"93":[0],"94":[0],"95":[5,8],"96":[1,7],"97":[5,2],"98":[1,1],"99":[0,1],"100":[0],"101":[0,1],"102":[0],"103":[0,1],"104":[5,2],"105":[1,1],"106":[0,1],"107":[0,0],"108":[0,0],"109":[0,0],"110":[0,0],"111":[0,0],"112":[0,0],"113":[0],"114":[5,7],"115":[1,6],"116":[5,1],"117":[1,0],"118":[5,7],"119":[1,6],"120":[5,1],"121":[1,0],"122":[0,0],"123":[0,0],"124":[0,0],"125":[0,0],"126":[0,0],"127":[0,0],"128":[0,0],"129":[0,0],"130":[0,0],"131":[0,0],"132":[0,0],"133":[0,0],"134":[0,0],"135":[0,0],"136":[0,0],"137":[0,0],"138":[0,0],"139":[0,0],"140":[0,0],"141":[0,0],"142":[0,0],"143":[0,0],"144":[0,0],"145":[0,0],"146":[0,0],"147":[0,0],"148":[0,0],"149":[0,0],"150":[0,0],"151":[0,0],"152":[0,0],"153":[0,0],"154":[0,0],"155":[0,0],"156":[0,0],"157":[0,0,0]},"_coverageSchema":"43e27e138ebf9cfc5966b082cf9a028302ed4184","hash":"69a661983b495ecb6c0efc7c3622281d5b73e71d","contentHash":"1c503a7b6307aa2e1a0f392aec2caa251ef074717836d54f5f3cee7cdd8fae82"},"/Users/emma/bootcamp/collab/skylab-bootcamp-201901/staff/emma-cowdery/fws/fws-api/src/cloudinary/index.js":{"path":"/Users/emma/bootcamp/collab/skylab-bootcamp-201901/staff/emma-cowdery/fws/fws-api/src/cloudinary/index.js","statementMap":{"0":{"start":{"line":3,"column":0},"end":{"line":3,"column":26}},"1":{"start":{"line":5,"column":19},"end":{"line":5,"column":43}},"2":{"start":{"line":7,"column":20},"end":{"line":7,"column":42}},"3":{"start":{"line":9,"column":86},"end":{"line":9,"column":93}},"4":{"start":{"line":12,"column":2},"end":{"line":16,"column":4}},"5":{"start":{"line":18,"column":15},"end":{"line":18,"column":30}},"6":{"start":{"line":20,"column":24},"end":{"line":23,"column":4}},"7":{"start":{"line":21,"column":4},"end":{"line":21,"column":21}},"8":{"start":{"line":22,"column":4},"end":{"line":22,"column":10}},"9":{"start":{"line":25,"column":2},"end":{"line":25,"column":56}},"10":{"start":{"line":28,"column":0},"end":{"line":28,"column":35}}},"fnMap":{"0":{"name":"cloudinaryUploader","decl":{"start":{"line":11,"column":9},"end":{"line":11,"column":27}},"loc":{"start":{"line":11,"column":44},"end":{"line":26,"column":1}},"line":11},"1":{"name":"(anonymous_1)","decl":{"start":{"line":20,"column":58},"end":{"line":20,"column":59}},"loc":{"start":{"line":20,"column":79},"end":{"line":23,"column":3}},"line":20}},"branchMap":{},"s":{"0":1,"1":1,"2":1,"3":1,"4":0,"5":0,"6":0,"7":0,"8":0,"9":0,"10":1},"f":{"0":0,"1":0},"b":{},"_coverageSchema":"43e27e138ebf9cfc5966b082cf9a028302ed4184","hash":"5858a65c41e844a51fb440ece7252ee9991a3c6e","contentHash":"fad045a4a20173662390c3270c656922f4c25f167b7c438dc3cb4a1f3b529f29"},"/Users/emma/bootcamp/collab/skylab-bootcamp-201901/staff/emma-cowdery/fws/fws-api/src/google-maps-api/index.js":{"path":"/Users/emma/bootcamp/collab/skylab-bootcamp-201901/staff/emma-cowdery/fws/fws-api/src/google-maps-api/index.js","statementMap":{"0":{"start":{"line":3,"column":0},"end":{"line":3,"column":26}},"1":{"start":{"line":5,"column":22},"end":{"line":164,"column":1}},"2":{"start":{"line":30,"column":8},"end":{"line":30,"column":82}},"3":{"start":{"line":30,"column":39},"end":{"line":30,"column":82}},"4":{"start":{"line":32,"column":8},"end":{"line":32,"column":63}},"5":{"start":{"line":32,"column":34},"end":{"line":32,"column":63}},"6":{"start":{"line":34,"column":35},"end":{"line":34,"column":39}},"7":{"start":{"line":36,"column":8},"end":{"line":67,"column":14}},"8":{"start":{"line":38,"column":12},"end":{"line":54,"column":18}},"9":{"start":{"line":40,"column":20},"end":{"line":40,"column":45}},"10":{"start":{"line":41,"column":20},"end":{"line":41,"column":45}},"11":{"start":{"line":43,"column":20},"end":{"line":53,"column":26}},"12":{"start":{"line":48,"column":42},"end":{"line":48,"column":57}},"13":{"start":{"line":50,"column":28},"end":{"line":50,"column":104}},"14":{"start":{"line":50,"column":58},"end":{"line":50,"column":104}},"15":{"start":{"line":52,"column":28},"end":{"line":52,"column":51}},"16":{"start":{"line":57,"column":13},"end":{"line":67,"column":14}},"17":{"start":{"line":62,"column":30},"end":{"line":62,"column":45}},"18":{"start":{"line":64,"column":16},"end":{"line":64,"column":92}},"19":{"start":{"line":64,"column":46},"end":{"line":64,"column":92}},"20":{"start":{"line":66,"column":16},"end":{"line":66,"column":39}},"21":{"start":{"line":75,"column":8},"end":{"line":75,"column":96}},"22":{"start":{"line":75,"column":46},"end":{"line":75,"column":96}},"23":{"start":{"line":77,"column":8},"end":{"line":77,"column":77}},"24":{"start":{"line":77,"column":41},"end":{"line":77,"column":77}},"25":{"start":{"line":79,"column":37},"end":{"line":79,"column":41}},"26":{"start":{"line":81,"column":8},"end":{"line":91,"column":14}},"27":{"start":{"line":86,"column":30},"end":{"line":86,"column":45}},"28":{"start":{"line":88,"column":16},"end":{"line":88,"column":99}},"29":{"start":{"line":88,"column":46},"end":{"line":88,"column":99}},"30":{"start":{"line":90,"column":16},"end":{"line":90,"column":38}},"31":{"start":{"line":101,"column":8},"end":{"line":101,"column":100}},"32":{"start":{"line":101,"column":48},"end":{"line":101,"column":100}},"33":{"start":{"line":103,"column":8},"end":{"line":103,"column":81}},"34":{"start":{"line":103,"column":43},"end":{"line":103,"column":81}},"35":{"start":{"line":105,"column":50},"end":{"line":105,"column":54}},"36":{"start":{"line":107,"column":8},"end":{"line":116,"column":14}},"37":{"start":{"line":113,"column":16},"end":{"line":113,"column":103}},"38":{"start":{"line":113,"column":50},"end":{"line":113,"column":103}},"39":{"start":{"line":115,"column":16},"end":{"line":115,"column":35}},"40":{"start":{"line":149,"column":24},"end":{"line":149,"column":28}},"41":{"start":{"line":151,"column":8},"end":{"line":162,"column":18}},"42":{"start":{"line":157,"column":30},"end":{"line":157,"column":45}},"43":{"start":{"line":159,"column":20},"end":{"line":159,"column":93}},"44":{"start":{"line":159,"column":40},"end":{"line":159,"column":93}},"45":{"start":{"line":161,"column":20},"end":{"line":161,"column":44}},"46":{"start":{"line":166,"column":0},"end":{"line":166,"column":30}}},"fnMap":{"0":{"name":"(anonymous_0)","decl":{"start":{"line":29,"column":4},"end":{"line":29,"column":5}},"loc":{"start":{"line":29,"column":29},"end":{"line":68,"column":5}},"line":29},"1":{"name":"(anonymous_1)","decl":{"start":{"line":39,"column":22},"end":{"line":39,"column":23}},"loc":{"start":{"line":39,"column":38},"end":{"line":54,"column":17}},"line":39},"2":{"name":"(anonymous_2)","decl":{"start":{"line":48,"column":30},"end":{"line":48,"column":31}},"loc":{"start":{"line":48,"column":42},"end":{"line":48,"column":57}},"line":48},"3":{"name":"(anonymous_3)","decl":{"start":{"line":49,"column":30},"end":{"line":49,"column":31}},"loc":{"start":{"line":49,"column":42},"end":{"line":53,"column":25}},"line":49},"4":{"name":"(anonymous_4)","decl":{"start":{"line":62,"column":18},"end":{"line":62,"column":19}},"loc":{"start":{"line":62,"column":30},"end":{"line":62,"column":45}},"line":62},"5":{"name":"(anonymous_5)","decl":{"start":{"line":63,"column":18},"end":{"line":63,"column":19}},"loc":{"start":{"line":63,"column":30},"end":{"line":67,"column":13}},"line":63},"6":{"name":"(anonymous_6)","decl":{"start":{"line":74,"column":4},"end":{"line":74,"column":5}},"loc":{"start":{"line":74,"column":36},"end":{"line":92,"column":5}},"line":74},"7":{"name":"(anonymous_7)","decl":{"start":{"line":86,"column":18},"end":{"line":86,"column":19}},"loc":{"start":{"line":86,"column":30},"end":{"line":86,"column":45}},"line":86},"8":{"name":"(anonymous_8)","decl":{"start":{"line":87,"column":18},"end":{"line":87,"column":19}},"loc":{"start":{"line":87,"column":30},"end":{"line":91,"column":13}},"line":87},"9":{"name":"(anonymous_9)","decl":{"start":{"line":100,"column":4},"end":{"line":100,"column":5}},"loc":{"start":{"line":100,"column":32},"end":{"line":117,"column":5}},"line":100},"10":{"name":"(anonymous_10)","decl":{"start":{"line":112,"column":18},"end":{"line":112,"column":19}},"loc":{"start":{"line":112,"column":30},"end":{"line":116,"column":13}},"line":112},"11":{"name":"(anonymous_11)","decl":{"start":{"line":148,"column":4},"end":{"line":148,"column":5}},"loc":{"start":{"line":148,"column":18},"end":{"line":163,"column":5}},"line":148},"12":{"name":"(anonymous_12)","decl":{"start":{"line":157,"column":18},"end":{"line":157,"column":19}},"loc":{"start":{"line":157,"column":30},"end":{"line":157,"column":45}},"line":157},"13":{"name":"(anonymous_13)","decl":{"start":{"line":158,"column":22},"end":{"line":158,"column":23}},"loc":{"start":{"line":158,"column":34},"end":{"line":162,"column":17}},"line":158}},"branchMap":{"0":{"loc":{"start":{"line":30,"column":8},"end":{"line":30,"column":82}},"type":"if","locations":[{"start":{"line":30,"column":8},"end":{"line":30,"column":82}},{"start":{"line":30,"column":8},"end":{"line":30,"column":82}}],"line":30},"1":{"loc":{"start":{"line":32,"column":8},"end":{"line":32,"column":63}},"type":"if","locations":[{"start":{"line":32,"column":8},"end":{"line":32,"column":63}},{"start":{"line":32,"column":8},"end":{"line":32,"column":63}}],"line":32},"2":{"loc":{"start":{"line":36,"column":8},"end":{"line":67,"column":14}},"type":"if","locations":[{"start":{"line":36,"column":8},"end":{"line":67,"column":14}},{"start":{"line":36,"column":8},"end":{"line":67,"column":14}}],"line":36},"3":{"loc":{"start":{"line":50,"column":28},"end":{"line":50,"column":104}},"type":"if","locations":[{"start":{"line":50,"column":28},"end":{"line":50,"column":104}},{"start":{"line":50,"column":28},"end":{"line":50,"column":104}}],"line":50},"4":{"loc":{"start":{"line":64,"column":16},"end":{"line":64,"column":92}},"type":"if","locations":[{"start":{"line":64,"column":16},"end":{"line":64,"column":92}},{"start":{"line":64,"column":16},"end":{"line":64,"column":92}}],"line":64},"5":{"loc":{"start":{"line":75,"column":8},"end":{"line":75,"column":96}},"type":"if","locations":[{"start":{"line":75,"column":8},"end":{"line":75,"column":96}},{"start":{"line":75,"column":8},"end":{"line":75,"column":96}}],"line":75},"6":{"loc":{"start":{"line":77,"column":8},"end":{"line":77,"column":77}},"type":"if","locations":[{"start":{"line":77,"column":8},"end":{"line":77,"column":77}},{"start":{"line":77,"column":8},"end":{"line":77,"column":77}}],"line":77},"7":{"loc":{"start":{"line":88,"column":16},"end":{"line":88,"column":99}},"type":"if","locations":[{"start":{"line":88,"column":16},"end":{"line":88,"column":99}},{"start":{"line":88,"column":16},"end":{"line":88,"column":99}}],"line":88},"8":{"loc":{"start":{"line":101,"column":8},"end":{"line":101,"column":100}},"type":"if","locations":[{"start":{"line":101,"column":8},"end":{"line":101,"column":100}},{"start":{"line":101,"column":8},"end":{"line":101,"column":100}}],"line":101},"9":{"loc":{"start":{"line":103,"column":8},"end":{"line":103,"column":81}},"type":"if","locations":[{"start":{"line":103,"column":8},"end":{"line":103,"column":81}},{"start":{"line":103,"column":8},"end":{"line":103,"column":81}}],"line":103},"10":{"loc":{"start":{"line":113,"column":16},"end":{"line":113,"column":103}},"type":"if","locations":[{"start":{"line":113,"column":16},"end":{"line":113,"column":103}},{"start":{"line":113,"column":16},"end":{"line":113,"column":103}}],"line":113},"11":{"loc":{"start":{"line":159,"column":20},"end":{"line":159,"column":93}},"type":"if","locations":[{"start":{"line":159,"column":20},"end":{"line":159,"column":93}},{"start":{"line":159,"column":20},"end":{"line":159,"column":93}}],"line":159}},"s":{"0":1,"1":1,"2":0,"3":0,"4":0,"5":0,"6":0,"7":0,"8":0,"9":0,"10":0,"11":0,"12":0,"13":0,"14":0,"15":0,"16":0,"17":0,"18":0,"19":0,"20":0,"21":0,"22":0,"23":0,"24":0,"25":0,"26":0,"27":0,"28":0,"29":0,"30":0,"31":0,"32":0,"33":0,"34":0,"35":0,"36":0,"37":0,"38":0,"39":0,"40":0,"41":0,"42":0,"43":0,"44":0,"45":0,"46":1},"f":{"0":0,"1":0,"2":0,"3":0,"4":0,"5":0,"6":0,"7":0,"8":0,"9":0,"10":0,"11":0,"12":0,"13":0},"b":{"0":[0,0],"1":[0,0],"2":[0,0],"3":[0,0],"4":[0,0],"5":[0,0],"6":[0,0],"7":[0,0],"8":[0,0],"9":[0,0],"10":[0,0],"11":[0,0]},"_coverageSchema":"43e27e138ebf9cfc5966b082cf9a028302ed4184","hash":"dbae844a2a1692025b392d3b7360d23b2fcb0fd0","contentHash":"eafffdc0e4809a152b58f0740af86facf0d0a1b80767ce8c6f2aebc84881ca32"},"/Users/emma/bootcamp/collab/skylab-bootcamp-201901/staff/emma-cowdery/fws/fws-api/src/token-helper/index.spec.js":{"path":"/Users/emma/bootcamp/collab/skylab-bootcamp-201901/staff/emma-cowdery/fws/fws-api/src/token-helper/index.spec.js","statementMap":{},"fnMap":{},"branchMap":{},"s":{},"f":{},"b":{},"_coverageSchema":"43e27e138ebf9cfc5966b082cf9a028302ed4184","hash":"f86464bcc64b9a904686b87392fad61a034c4efd","contentHash":"88ce82cd8dbc5f180a326d004a5783ce3cedff811b79e903754b276de5f29f61"}}